2020-09-21 22:46:00,528 [Worker-2: Loading available Gradle versions] INFO  o.e.b.c.i.u.g.PublishedGradleVersions - Gradle version information cache is up-to-date. Trying to read.
2020-09-21 22:51:08,399 [Worker-17: Building] INFO  o.e.m.c.i.l.LifecycleMappingFactory - Using org.eclipse.m2e.jdt.JarLifecycleMapping lifecycle mapping for MavenProject: com.lti.homeloan:ourHomeLoan:0.0.1-SNAPSHOT @ C:\Users\JAYANTA GHOSH\git\HomeLoanProjectLTI\ourHomeLoan\pom.xml.
2020-09-21 22:51:08,399 [Worker-13: Updating Maven Dependencies] INFO  o.e.m.c.i.l.LifecycleMappingFactory - Using org.eclipse.m2e.jdt.JarLifecycleMapping lifecycle mapping for MavenProject: com.lti.homeloan:ourHomeLoan:0.0.1-SNAPSHOT @ C:\Users\JAYANTA GHOSH\git\HomeLoanProjectLTI\ourHomeLoan\pom.xml.
2020-09-21 22:51:17,642 [Worker-17: Building] INFO  o.e.m.c.i.embedder.EclipseLogger - Using 'UTF-8' encoding to copy filtered resources.
2020-09-21 22:51:17,643 [Worker-17: Building] INFO  o.e.m.c.i.embedder.EclipseLogger - skip non existing resourceDirectory C:\Users\JAYANTA GHOSH\git\HomeLoanProjectLTI\ourHomeLoan\src\main\resources
2020-09-21 22:51:17,647 [Worker-17: Building] INFO  o.e.m.c.i.embedder.EclipseLogger - Using 'UTF-8' encoding to copy filtered resources.
2020-09-21 22:51:17,648 [Worker-17: Building] INFO  o.e.m.c.i.embedder.EclipseLogger - skip non existing resourceDirectory C:\Users\JAYANTA GHOSH\git\HomeLoanProjectLTI\ourHomeLoan\src\test\resources
2020-09-21 22:51:23,439 [Worker-15: Updating Maven Dependencies] INFO  o.e.m.c.i.l.LifecycleMappingFactory - Using org.eclipse.m2e.jdt.JarLifecycleMapping lifecycle mapping for MavenProject: com.lti.homeloan:ourHomeLoan:0.0.1-SNAPSHOT @ C:\Users\JAYANTA GHOSH\git\HomeLoanProjectLTI\ourHomeLoan\pom.xml.
2020-09-21 22:51:25,463 [Worker-14: Building] INFO  o.e.m.c.i.embedder.EclipseLogger - Using 'UTF-8' encoding to copy filtered resources.
2020-09-21 22:51:25,463 [Worker-14: Building] INFO  o.e.m.c.i.embedder.EclipseLogger - skip non existing resourceDirectory C:\Users\JAYANTA GHOSH\git\HomeLoanProjectLTI\ourHomeLoan\src\main\resources
2020-09-21 22:51:25,468 [Worker-14: Building] INFO  o.e.m.c.i.embedder.EclipseLogger - Using 'UTF-8' encoding to copy filtered resources.
2020-09-21 22:51:25,468 [Worker-14: Building] INFO  o.e.m.c.i.embedder.EclipseLogger - skip non existing resourceDirectory C:\Users\JAYANTA GHOSH\git\HomeLoanProjectLTI\ourHomeLoan\src\test\resources
2020-09-21 22:52:21,114 [Worker-8: Building] INFO  o.e.m.c.i.embedder.EclipseLogger - Using 'UTF-8' encoding to copy filtered resources.
2020-09-21 22:52:21,114 [Worker-8: Building] INFO  o.e.m.c.i.embedder.EclipseLogger - skip non existing resourceDirectory C:\Users\JAYANTA GHOSH\git\HomeLoanProjectLTI\ourHomeLoan\src\main\resources
2020-09-21 22:52:21,116 [Worker-8: Building] INFO  o.e.m.c.i.embedder.EclipseLogger - Using 'UTF-8' encoding to copy filtered resources.
2020-09-21 22:52:21,116 [Worker-8: Building] INFO  o.e.m.c.i.embedder.EclipseLogger - skip non existing resourceDirectory C:\Users\JAYANTA GHOSH\git\HomeLoanProjectLTI\ourHomeLoan\src\test\resources
2020-09-21 22:52:42,071 [Worker-14: Building] INFO  o.e.m.c.i.embedder.EclipseLogger - Using 'UTF-8' encoding to copy filtered resources.
2020-09-21 22:52:42,071 [Worker-14: Building] INFO  o.e.m.c.i.embedder.EclipseLogger - skip non existing resourceDirectory C:\Users\JAYANTA GHOSH\git\HomeLoanProjectLTI\ourHomeLoan\src\main\resources
2020-09-21 22:52:42,073 [Worker-14: Building] INFO  o.e.m.c.i.embedder.EclipseLogger - Using 'UTF-8' encoding to copy filtered resources.
2020-09-21 22:52:42,074 [Worker-14: Building] INFO  o.e.m.c.i.embedder.EclipseLogger - skip non existing resourceDirectory C:\Users\JAYANTA GHOSH\git\HomeLoanProjectLTI\ourHomeLoan\src\test\resources
2020-09-21 22:52:59,525 [Worker-16: Updating Maven Project] INFO  o.e.m.c.i.p.ProjectConfigurationManager - Update started
2020-09-21 22:53:00,103 [Worker-16: Updating Maven Project] INFO  o.e.m.c.i.l.LifecycleMappingFactory - Using org.eclipse.m2e.jdt.JarLifecycleMapping lifecycle mapping for MavenProject: com.lti.homeloan:ourHomeLoan:0.0.1-SNAPSHOT @ C:\Users\JAYANTA GHOSH\git\HomeLoanProjectLTI\ourHomeLoan\pom.xml.
2020-09-21 22:53:00,565 [Worker-16: Updating Maven Project] INFO  o.e.m.j.i.AbstractJavaProjectConfigurator - Adding source folder /ourHomeLoan/src/main/java
2020-09-21 22:53:00,566 [Worker-16: Updating Maven Project] INFO  o.e.m.j.i.AbstractJavaProjectConfigurator - Adding source folder /ourHomeLoan/src/test/java
2020-09-21 22:53:00,812 [Worker-16: Updating Maven Project] INFO  o.e.m.c.i.p.ProjectConfigurationManager - Update completed: 1 sec
2020-09-21 22:53:03,027 [Worker-1: Building] INFO  o.e.m.c.i.embedder.EclipseLogger - Using 'UTF-8' encoding to copy filtered resources.
2020-09-21 22:53:03,028 [Worker-1: Building] INFO  o.e.m.c.i.embedder.EclipseLogger - skip non existing resourceDirectory C:\Users\JAYANTA GHOSH\git\HomeLoanProjectLTI\ourHomeLoan\src\main\resources
2020-09-21 22:53:03,031 [Worker-1: Building] INFO  o.e.m.c.i.embedder.EclipseLogger - Using 'UTF-8' encoding to copy filtered resources.
2020-09-21 22:53:03,031 [Worker-1: Building] INFO  o.e.m.c.i.embedder.EclipseLogger - skip non existing resourceDirectory C:\Users\JAYANTA GHOSH\git\HomeLoanProjectLTI\ourHomeLoan\src\test\resources
2020-09-21 22:55:21,491 [Worker-0: Loading available Gradle versions] INFO  o.e.b.c.i.u.g.PublishedGradleVersions - Gradle version information cache is up-to-date. Trying to read.
2020-09-21 22:57:17,689 [Worker-4: Loading available Gradle versions] INFO  o.e.b.c.i.u.g.PublishedGradleVersions - Gradle version information cache is up-to-date. Trying to read.
2020-09-21 23:00:46,322 [Worker-10: Building] INFO  o.e.m.c.i.embedder.EclipseLogger - Using 'UTF-8' encoding to copy filtered resources.
2020-09-21 23:00:46,322 [Worker-10: Building] INFO  o.e.m.c.i.embedder.EclipseLogger - skip non existing resourceDirectory C:\Users\JAYANTA GHOSH\git\HomeLoanProjectLTI\ourHomeLoan\src\main\resources
2020-09-21 23:00:46,322 [Worker-10: Building] INFO  o.e.m.c.i.embedder.EclipseLogger - Using 'UTF-8' encoding to copy filtered resources.
2020-09-21 23:00:46,322 [Worker-10: Building] INFO  o.e.m.c.i.embedder.EclipseLogger - skip non existing resourceDirectory C:\Users\JAYANTA GHOSH\git\HomeLoanProjectLTI\ourHomeLoan\src\test\resources
2020-09-21 23:05:51,488 [Worker-0: Loading available Gradle versions] INFO  o.e.b.c.i.u.g.PublishedGradleVersions - Gradle version information cache is up-to-date. Trying to read.
2020-09-22 20:47:37,462 [Worker-0: Loading available Gradle versions] INFO  o.e.b.c.i.u.g.PublishedGradleVersions - Gradle version information cache is out-of-date. Trying to update.
2020-09-22 20:51:22,746 [Worker-1: Building] INFO  o.e.m.c.i.l.LifecycleMappingFactory - Using org.eclipse.m2e.jdt.JarLifecycleMapping lifecycle mapping for MavenProject: com.lti.homeloan:ourHomeLoan:0.0.1-SNAPSHOT @ C:\Users\JAYANTA GHOSH\git\HomeLoanProjectLTI\ourHomeLoan\pom.xml.
2020-09-22 20:51:29,747 [Worker-1: Building] INFO  o.e.m.c.i.embedder.EclipseLogger - Using 'UTF-8' encoding to copy filtered resources.
2020-09-22 20:51:29,747 [Worker-1: Building] INFO  o.e.m.c.i.embedder.EclipseLogger - skip non existing resourceDirectory C:\Users\JAYANTA GHOSH\git\HomeLoanProjectLTI\ourHomeLoan\src\main\resources
2020-09-22 20:51:29,750 [Worker-1: Building] INFO  o.e.m.c.i.embedder.EclipseLogger - Using 'UTF-8' encoding to copy filtered resources.
2020-09-22 20:51:29,750 [Worker-1: Building] INFO  o.e.m.c.i.embedder.EclipseLogger - skip non existing resourceDirectory C:\Users\JAYANTA GHOSH\git\HomeLoanProjectLTI\ourHomeLoan\src\test\resources
2020-09-22 20:57:21,882 [Worker-18: Building] INFO  o.e.m.c.i.embedder.EclipseLogger - Using 'UTF-8' encoding to copy filtered resources.
2020-09-22 20:57:21,882 [Worker-18: Building] INFO  o.e.m.c.i.embedder.EclipseLogger - skip non existing resourceDirectory C:\Users\JAYANTA GHOSH\git\HomeLoanProjectLTI\ourHomeLoan\src\main\resources
2020-09-22 20:57:21,884 [Worker-18: Building] INFO  o.e.m.c.i.embedder.EclipseLogger - Using 'UTF-8' encoding to copy filtered resources.
2020-09-22 20:57:21,885 [Worker-18: Building] INFO  o.e.m.c.i.embedder.EclipseLogger - skip non existing resourceDirectory C:\Users\JAYANTA GHOSH\git\HomeLoanProjectLTI\ourHomeLoan\src\test\resources
2020-09-22 20:59:02,895 [Worker-18: Building] INFO  o.e.m.c.i.embedder.EclipseLogger - Using 'UTF-8' encoding to copy filtered resources.
2020-09-22 20:59:02,896 [Worker-18: Building] INFO  o.e.m.c.i.embedder.EclipseLogger - skip non existing resourceDirectory C:\Users\JAYANTA GHOSH\git\HomeLoanProjectLTI\ourHomeLoan\src\main\resources
2020-09-22 20:59:02,898 [Worker-18: Building] INFO  o.e.m.c.i.embedder.EclipseLogger - Using 'UTF-8' encoding to copy filtered resources.
2020-09-22 20:59:02,899 [Worker-18: Building] INFO  o.e.m.c.i.embedder.EclipseLogger - skip non existing resourceDirectory C:\Users\JAYANTA GHOSH\git\HomeLoanProjectLTI\ourHomeLoan\src\test\resources
2020-09-22 21:03:07,273 [Worker-20: Building] INFO  o.e.m.c.i.embedder.EclipseLogger - Using 'UTF-8' encoding to copy filtered resources.
2020-09-22 21:03:07,273 [Worker-20: Building] INFO  o.e.m.c.i.embedder.EclipseLogger - skip non existing resourceDirectory C:\Users\JAYANTA GHOSH\git\HomeLoanProjectLTI\ourHomeLoan\src\main\resources
2020-09-22 21:03:07,275 [Worker-20: Building] INFO  o.e.m.c.i.embedder.EclipseLogger - Using 'UTF-8' encoding to copy filtered resources.
2020-09-22 21:03:07,276 [Worker-20: Building] INFO  o.e.m.c.i.embedder.EclipseLogger - skip non existing resourceDirectory C:\Users\JAYANTA GHOSH\git\HomeLoanProjectLTI\ourHomeLoan\src\test\resources
2020-09-23 18:58:42,567 [Worker-1: Loading available Gradle versions] INFO  o.e.b.c.i.u.g.PublishedGradleVersions - Gradle version information cache is up-to-date. Trying to read.
2020-09-23 19:06:41,448 [Worker-3: Loading available Gradle versions] INFO  o.e.b.c.i.u.g.PublishedGradleVersions - Gradle version information cache is up-to-date. Trying to read.
2020-09-23 19:19:45,695 [Worker-4: Loading available Gradle versions] INFO  o.e.b.c.i.u.g.PublishedGradleVersions - Gradle version information cache is up-to-date. Trying to read.
2020-09-23 19:21:09,703 [Worker-1: Updating Maven Project] INFO  o.e.m.c.i.p.ProjectConfigurationManager - Update started
2020-09-23 19:21:14,631 [Worker-1: Updating Maven Project] INFO  o.e.m.c.i.l.LifecycleMappingFactory - Using org.eclipse.m2e.jdt.JarLifecycleMapping lifecycle mapping for MavenProject: com.lti.homeloan:ourHomeLoan:0.0.1-SNAPSHOT @ C:\Users\JAYANTA GHOSH\git\HomeLoanProjectLTI\ourHomeLoan\pom.xml.
2020-09-23 19:21:17,320 [Worker-1: Updating Maven Project] INFO  o.e.m.j.i.AbstractJavaProjectConfigurator - Adding source folder /ourHomeLoan/src/main/java
2020-09-23 19:21:17,321 [Worker-1: Updating Maven Project] INFO  o.e.m.j.i.AbstractJavaProjectConfigurator - Adding source folder /ourHomeLoan/src/test/java
2020-09-23 19:21:18,472 [Worker-1: Updating Maven Project] INFO  o.e.m.c.i.p.ProjectConfigurationManager - Update completed: 8 sec
2020-09-23 19:21:21,151 [Worker-1: Building] INFO  o.e.m.c.i.embedder.EclipseLogger - Using 'UTF-8' encoding to copy filtered resources.
2020-09-23 19:21:21,152 [Worker-1: Building] INFO  o.e.m.c.i.embedder.EclipseLogger - skip non existing resourceDirectory C:\Users\JAYANTA GHOSH\git\HomeLoanProjectLTI\ourHomeLoan\src\main\resources
2020-09-23 19:21:21,155 [Worker-1: Building] INFO  o.e.m.c.i.embedder.EclipseLogger - Using 'UTF-8' encoding to copy filtered resources.
2020-09-23 19:21:21,155 [Worker-1: Building] INFO  o.e.m.c.i.embedder.EclipseLogger - skip non existing resourceDirectory C:\Users\JAYANTA GHOSH\git\HomeLoanProjectLTI\ourHomeLoan\src\test\resources
