2020-09-23 19:19:00,316 [Worker-0: Loading available Gradle versions] INFO  o.e.b.c.i.u.g.PublishedGradleVersions - Gradle version information cache is up-to-date. Trying to read.
2020-09-23 19:24:33,763 [Worker-1: Loading available Gradle versions] INFO  o.e.b.c.i.u.g.PublishedGradleVersions - Gradle version information cache is up-to-date. Trying to read.
2020-09-23 19:25:07,022 [Worker-10: Importing Maven projects] INFO  o.e.m.c.i.l.LifecycleMappingFactory - Using org.eclipse.m2e.jdt.JarLifecycleMapping lifecycle mapping for MavenProject: com.lti.homeloan:ourHomeLoan:0.0.1-SNAPSHOT @ C:\Users\JAYANTA GHOSH\Desktop\FinalBackend\ourHomeLoan\pom.xml.
2020-09-23 19:25:10,964 [Worker-10: Importing Maven projects] INFO  o.e.m.j.i.AbstractJavaProjectConfigurator - Adding source folder /ourHomeLoan/src/main/java
2020-09-23 19:25:10,966 [Worker-10: Importing Maven projects] INFO  o.e.m.j.i.AbstractJavaProjectConfigurator - Adding source folder /ourHomeLoan/src/test/java
2020-09-23 19:25:11,413 [Worker-10: Importing Maven projects] INFO  o.e.m.c.i.p.ProjectConfigurationManager - Imported and configured 1 project(s) in 8 sec
2020-09-23 19:25:24,812 [Worker-2: Building] INFO  o.e.m.c.i.embedder.EclipseLogger - Using 'UTF-8' encoding to copy filtered resources.
2020-09-23 19:25:24,813 [Worker-2: Building] INFO  o.e.m.c.i.embedder.EclipseLogger - skip non existing resourceDirectory C:\Users\JAYANTA GHOSH\Desktop\FinalBackend\ourHomeLoan\src\main\resources
2020-09-23 19:25:24,816 [Worker-2: Building] INFO  o.e.m.c.i.embedder.EclipseLogger - Using 'UTF-8' encoding to copy filtered resources.
2020-09-23 19:25:24,816 [Worker-2: Building] INFO  o.e.m.c.i.embedder.EclipseLogger - skip non existing resourceDirectory C:\Users\JAYANTA GHOSH\Desktop\FinalBackend\ourHomeLoan\src\test\resources
2020-09-23 19:31:19,167 [Worker-13: Building] INFO  o.e.m.c.i.embedder.EclipseLogger - Using 'UTF-8' encoding to copy filtered resources.
2020-09-23 19:31:19,167 [Worker-13: Building] INFO  o.e.m.c.i.embedder.EclipseLogger - skip non existing resourceDirectory C:\Users\JAYANTA GHOSH\Desktop\FinalBackend\ourHomeLoan\src\main\resources
2020-09-23 19:31:19,169 [Worker-13: Building] INFO  o.e.m.c.i.embedder.EclipseLogger - Using 'UTF-8' encoding to copy filtered resources.
2020-09-23 19:31:19,169 [Worker-13: Building] INFO  o.e.m.c.i.embedder.EclipseLogger - skip non existing resourceDirectory C:\Users\JAYANTA GHOSH\Desktop\FinalBackend\ourHomeLoan\src\test\resources
2020-09-23 19:31:46,187 [Worker-17: Building] INFO  o.e.m.c.i.embedder.EclipseLogger - Using 'UTF-8' encoding to copy filtered resources.
2020-09-23 19:31:46,187 [Worker-17: Building] INFO  o.e.m.c.i.embedder.EclipseLogger - skip non existing resourceDirectory C:\Users\JAYANTA GHOSH\Desktop\FinalBackend\ourHomeLoan\src\main\resources
2020-09-23 19:31:46,189 [Worker-17: Building] INFO  o.e.m.c.i.embedder.EclipseLogger - Using 'UTF-8' encoding to copy filtered resources.
2020-09-23 19:31:46,189 [Worker-17: Building] INFO  o.e.m.c.i.embedder.EclipseLogger - skip non existing resourceDirectory C:\Users\JAYANTA GHOSH\Desktop\FinalBackend\ourHomeLoan\src\test\resources
2020-09-23 19:32:15,895 [Worker-17: Building] INFO  o.e.m.c.i.embedder.EclipseLogger - Using 'UTF-8' encoding to copy filtered resources.
2020-09-23 19:32:15,895 [Worker-17: Building] INFO  o.e.m.c.i.embedder.EclipseLogger - skip non existing resourceDirectory C:\Users\JAYANTA GHOSH\Desktop\FinalBackend\ourHomeLoan\src\main\resources
2020-09-23 19:32:15,897 [Worker-17: Building] INFO  o.e.m.c.i.embedder.EclipseLogger - Using 'UTF-8' encoding to copy filtered resources.
2020-09-23 19:32:15,897 [Worker-17: Building] INFO  o.e.m.c.i.embedder.EclipseLogger - skip non existing resourceDirectory C:\Users\JAYANTA GHOSH\Desktop\FinalBackend\ourHomeLoan\src\test\resources
2020-09-23 20:53:23,588 [Worker-3: Loading available Gradle versions] INFO  o.e.b.c.i.u.g.PublishedGradleVersions - Gradle version information cache is out-of-date. Trying to update.
2020-09-23 21:19:35,359 [Worker-17: Building] INFO  o.e.m.c.i.embedder.EclipseLogger - Using 'UTF-8' encoding to copy filtered resources.
2020-09-23 21:19:35,361 [Worker-17: Building] INFO  o.e.m.c.i.embedder.EclipseLogger - skip non existing resourceDirectory C:\Users\JAYANTA GHOSH\Desktop\FinalBackend\ourHomeLoan\src\main\resources
2020-09-23 21:19:35,364 [Worker-17: Building] INFO  o.e.m.c.i.embedder.EclipseLogger - Using 'UTF-8' encoding to copy filtered resources.
2020-09-23 21:19:35,364 [Worker-17: Building] INFO  o.e.m.c.i.embedder.EclipseLogger - skip non existing resourceDirectory C:\Users\JAYANTA GHOSH\Desktop\FinalBackend\ourHomeLoan\src\test\resources
2020-09-23 21:38:33,767 [Worker-27: Building] INFO  o.e.m.c.i.embedder.EclipseLogger - Using 'UTF-8' encoding to copy filtered resources.
2020-09-23 21:38:33,768 [Worker-27: Building] INFO  o.e.m.c.i.embedder.EclipseLogger - skip non existing resourceDirectory C:\Users\JAYANTA GHOSH\Desktop\FinalBackend\ourHomeLoan\src\main\resources
2020-09-23 21:38:33,770 [Worker-27: Building] INFO  o.e.m.c.i.embedder.EclipseLogger - Using 'UTF-8' encoding to copy filtered resources.
2020-09-23 21:38:33,770 [Worker-27: Building] INFO  o.e.m.c.i.embedder.EclipseLogger - skip non existing resourceDirectory C:\Users\JAYANTA GHOSH\Desktop\FinalBackend\ourHomeLoan\src\test\resources
2020-09-23 22:15:37,656 [Worker-37: Building] INFO  o.e.m.c.i.embedder.EclipseLogger - Using 'UTF-8' encoding to copy filtered resources.
2020-09-23 22:15:37,656 [Worker-37: Building] INFO  o.e.m.c.i.embedder.EclipseLogger - skip non existing resourceDirectory C:\Users\JAYANTA GHOSH\Desktop\FinalBackend\ourHomeLoan\src\main\resources
2020-09-23 22:15:37,658 [Worker-37: Building] INFO  o.e.m.c.i.embedder.EclipseLogger - Using 'UTF-8' encoding to copy filtered resources.
2020-09-23 22:15:37,658 [Worker-37: Building] INFO  o.e.m.c.i.embedder.EclipseLogger - skip non existing resourceDirectory C:\Users\JAYANTA GHOSH\Desktop\FinalBackend\ourHomeLoan\src\test\resources
2020-09-23 22:16:11,794 [Worker-39: Building] INFO  o.e.m.c.i.embedder.EclipseLogger - Using 'UTF-8' encoding to copy filtered resources.
2020-09-23 22:16:11,794 [Worker-39: Building] INFO  o.e.m.c.i.embedder.EclipseLogger - skip non existing resourceDirectory C:\Users\JAYANTA GHOSH\Desktop\FinalBackend\ourHomeLoan\src\main\resources
2020-09-23 22:16:11,796 [Worker-39: Building] INFO  o.e.m.c.i.embedder.EclipseLogger - Using 'UTF-8' encoding to copy filtered resources.
2020-09-23 22:16:11,797 [Worker-39: Building] INFO  o.e.m.c.i.embedder.EclipseLogger - skip non existing resourceDirectory C:\Users\JAYANTA GHOSH\Desktop\FinalBackend\ourHomeLoan\src\test\resources
2020-09-23 22:16:22,263 [Worker-41: Building] INFO  o.e.m.c.i.embedder.EclipseLogger - Using 'UTF-8' encoding to copy filtered resources.
2020-09-23 22:16:22,264 [Worker-41: Building] INFO  o.e.m.c.i.embedder.EclipseLogger - skip non existing resourceDirectory C:\Users\JAYANTA GHOSH\Desktop\FinalBackend\ourHomeLoan\src\main\resources
2020-09-23 22:16:22,269 [Worker-41: Building] INFO  o.e.m.c.i.embedder.EclipseLogger - Using 'UTF-8' encoding to copy filtered resources.
2020-09-23 22:16:22,270 [Worker-41: Building] INFO  o.e.m.c.i.embedder.EclipseLogger - skip non existing resourceDirectory C:\Users\JAYANTA GHOSH\Desktop\FinalBackend\ourHomeLoan\src\test\resources
2020-09-23 22:19:19,922 [Worker-39: Building] INFO  o.e.m.c.i.embedder.EclipseLogger - Using 'UTF-8' encoding to copy filtered resources.
2020-09-23 22:19:19,923 [Worker-39: Building] INFO  o.e.m.c.i.embedder.EclipseLogger - skip non existing resourceDirectory C:\Users\JAYANTA GHOSH\Desktop\FinalBackend\ourHomeLoan\src\main\resources
2020-09-23 22:19:19,925 [Worker-39: Building] INFO  o.e.m.c.i.embedder.EclipseLogger - Using 'UTF-8' encoding to copy filtered resources.
2020-09-23 22:19:19,926 [Worker-39: Building] INFO  o.e.m.c.i.embedder.EclipseLogger - skip non existing resourceDirectory C:\Users\JAYANTA GHOSH\Desktop\FinalBackend\ourHomeLoan\src\test\resources
2020-09-23 22:30:37,482 [Worker-41: Building] INFO  o.e.m.c.i.embedder.EclipseLogger - Using 'UTF-8' encoding to copy filtered resources.
2020-09-23 22:30:37,483 [Worker-41: Building] INFO  o.e.m.c.i.embedder.EclipseLogger - skip non existing resourceDirectory C:\Users\JAYANTA GHOSH\Desktop\FinalBackend\ourHomeLoan\src\main\resources
2020-09-23 22:30:37,485 [Worker-41: Building] INFO  o.e.m.c.i.embedder.EclipseLogger - Using 'UTF-8' encoding to copy filtered resources.
2020-09-23 22:30:37,485 [Worker-41: Building] INFO  o.e.m.c.i.embedder.EclipseLogger - skip non existing resourceDirectory C:\Users\JAYANTA GHOSH\Desktop\FinalBackend\ourHomeLoan\src\test\resources
2020-09-23 22:37:06,347 [Worker-47: Building] INFO  o.e.m.c.i.embedder.EclipseLogger - Using 'UTF-8' encoding to copy filtered resources.
2020-09-23 22:37:06,348 [Worker-47: Building] INFO  o.e.m.c.i.embedder.EclipseLogger - skip non existing resourceDirectory C:\Users\JAYANTA GHOSH\Desktop\FinalBackend\ourHomeLoan\src\main\resources
2020-09-23 22:37:06,352 [Worker-47: Building] INFO  o.e.m.c.i.embedder.EclipseLogger - Using 'UTF-8' encoding to copy filtered resources.
2020-09-23 22:37:06,353 [Worker-47: Building] INFO  o.e.m.c.i.embedder.EclipseLogger - skip non existing resourceDirectory C:\Users\JAYANTA GHOSH\Desktop\FinalBackend\ourHomeLoan\src\test\resources
2020-09-23 22:41:25,026 [Worker-55: Building] INFO  o.e.m.c.i.embedder.EclipseLogger - Using 'UTF-8' encoding to copy filtered resources.
2020-09-23 22:41:25,026 [Worker-55: Building] INFO  o.e.m.c.i.embedder.EclipseLogger - skip non existing resourceDirectory C:\Users\JAYANTA GHOSH\Desktop\FinalBackend\ourHomeLoan\src\main\resources
2020-09-23 22:41:25,034 [Worker-55: Building] INFO  o.e.m.c.i.embedder.EclipseLogger - Using 'UTF-8' encoding to copy filtered resources.
2020-09-23 22:41:25,034 [Worker-55: Building] INFO  o.e.m.c.i.embedder.EclipseLogger - skip non existing resourceDirectory C:\Users\JAYANTA GHOSH\Desktop\FinalBackend\ourHomeLoan\src\test\resources
2020-09-23 22:43:51,912 [Worker-55: Building] INFO  o.e.m.c.i.embedder.EclipseLogger - Using 'UTF-8' encoding to copy filtered resources.
2020-09-23 22:43:51,913 [Worker-55: Building] INFO  o.e.m.c.i.embedder.EclipseLogger - skip non existing resourceDirectory C:\Users\JAYANTA GHOSH\Desktop\FinalBackend\ourHomeLoan\src\main\resources
2020-09-23 22:43:51,916 [Worker-55: Building] INFO  o.e.m.c.i.embedder.EclipseLogger - Using 'UTF-8' encoding to copy filtered resources.
2020-09-23 22:43:51,916 [Worker-55: Building] INFO  o.e.m.c.i.embedder.EclipseLogger - skip non existing resourceDirectory C:\Users\JAYANTA GHOSH\Desktop\FinalBackend\ourHomeLoan\src\test\resources
2020-09-23 22:46:06,957 [Worker-54: Building] INFO  o.e.m.c.i.embedder.EclipseLogger - Using 'UTF-8' encoding to copy filtered resources.
2020-09-23 22:46:06,957 [Worker-54: Building] INFO  o.e.m.c.i.embedder.EclipseLogger - skip non existing resourceDirectory C:\Users\JAYANTA GHOSH\Desktop\FinalBackend\ourHomeLoan\src\main\resources
2020-09-23 22:46:06,958 [Worker-54: Building] INFO  o.e.m.c.i.embedder.EclipseLogger - Using 'UTF-8' encoding to copy filtered resources.
2020-09-23 22:46:06,959 [Worker-54: Building] INFO  o.e.m.c.i.embedder.EclipseLogger - skip non existing resourceDirectory C:\Users\JAYANTA GHOSH\Desktop\FinalBackend\ourHomeLoan\src\test\resources
2020-09-23 23:07:06,525 [Worker-65: Building] INFO  o.e.m.c.i.embedder.EclipseLogger - Using 'UTF-8' encoding to copy filtered resources.
2020-09-23 23:07:06,526 [Worker-65: Building] INFO  o.e.m.c.i.embedder.EclipseLogger - skip non existing resourceDirectory C:\Users\JAYANTA GHOSH\Desktop\FinalBackend\ourHomeLoan\src\main\resources
2020-09-23 23:07:06,527 [Worker-65: Building] INFO  o.e.m.c.i.embedder.EclipseLogger - Using 'UTF-8' encoding to copy filtered resources.
2020-09-23 23:07:06,528 [Worker-65: Building] INFO  o.e.m.c.i.embedder.EclipseLogger - skip non existing resourceDirectory C:\Users\JAYANTA GHOSH\Desktop\FinalBackend\ourHomeLoan\src\test\resources
2020-09-23 23:08:42,132 [Worker-65: Building] INFO  o.e.m.c.i.embedder.EclipseLogger - Using 'UTF-8' encoding to copy filtered resources.
2020-09-23 23:08:42,133 [Worker-65: Building] INFO  o.e.m.c.i.embedder.EclipseLogger - skip non existing resourceDirectory C:\Users\JAYANTA GHOSH\Desktop\FinalBackend\ourHomeLoan\src\main\resources
2020-09-23 23:08:42,135 [Worker-65: Building] INFO  o.e.m.c.i.embedder.EclipseLogger - Using 'UTF-8' encoding to copy filtered resources.
2020-09-23 23:08:42,135 [Worker-65: Building] INFO  o.e.m.c.i.embedder.EclipseLogger - skip non existing resourceDirectory C:\Users\JAYANTA GHOSH\Desktop\FinalBackend\ourHomeLoan\src\test\resources
2020-09-23 23:10:08,009 [Worker-66: Building] INFO  o.e.m.c.i.embedder.EclipseLogger - Using 'UTF-8' encoding to copy filtered resources.
2020-09-23 23:10:08,010 [Worker-66: Building] INFO  o.e.m.c.i.embedder.EclipseLogger - skip non existing resourceDirectory C:\Users\JAYANTA GHOSH\Desktop\FinalBackend\ourHomeLoan\src\main\resources
2020-09-23 23:10:08,026 [Worker-66: Building] INFO  o.e.m.c.i.embedder.EclipseLogger - Using 'UTF-8' encoding to copy filtered resources.
2020-09-23 23:10:08,027 [Worker-66: Building] INFO  o.e.m.c.i.embedder.EclipseLogger - skip non existing resourceDirectory C:\Users\JAYANTA GHOSH\Desktop\FinalBackend\ourHomeLoan\src\test\resources
2020-09-23 23:13:28,087 [Worker-66: Building] INFO  o.e.m.c.i.embedder.EclipseLogger - Using 'UTF-8' encoding to copy filtered resources.
2020-09-23 23:13:28,087 [Worker-66: Building] INFO  o.e.m.c.i.embedder.EclipseLogger - skip non existing resourceDirectory C:\Users\JAYANTA GHOSH\Desktop\FinalBackend\ourHomeLoan\src\main\resources
2020-09-23 23:13:28,089 [Worker-66: Building] INFO  o.e.m.c.i.embedder.EclipseLogger - Using 'UTF-8' encoding to copy filtered resources.
2020-09-23 23:13:28,089 [Worker-66: Building] INFO  o.e.m.c.i.embedder.EclipseLogger - skip non existing resourceDirectory C:\Users\JAYANTA GHOSH\Desktop\FinalBackend\ourHomeLoan\src\test\resources
2020-09-23 23:16:41,240 [Worker-70: Building] INFO  o.e.m.c.i.embedder.EclipseLogger - Using 'UTF-8' encoding to copy filtered resources.
2020-09-23 23:16:41,241 [Worker-70: Building] INFO  o.e.m.c.i.embedder.EclipseLogger - skip non existing resourceDirectory C:\Users\JAYANTA GHOSH\Desktop\FinalBackend\ourHomeLoan\src\main\resources
2020-09-23 23:16:41,246 [Worker-70: Building] INFO  o.e.m.c.i.embedder.EclipseLogger - Using 'UTF-8' encoding to copy filtered resources.
2020-09-23 23:16:41,247 [Worker-70: Building] INFO  o.e.m.c.i.embedder.EclipseLogger - skip non existing resourceDirectory C:\Users\JAYANTA GHOSH\Desktop\FinalBackend\ourHomeLoan\src\test\resources
2020-09-23 23:21:35,224 [Worker-68: Building] INFO  o.e.m.c.i.embedder.EclipseLogger - Using 'UTF-8' encoding to copy filtered resources.
2020-09-23 23:21:35,225 [Worker-68: Building] INFO  o.e.m.c.i.embedder.EclipseLogger - skip non existing resourceDirectory C:\Users\JAYANTA GHOSH\Desktop\FinalBackend\ourHomeLoan\src\main\resources
2020-09-23 23:21:35,229 [Worker-68: Building] INFO  o.e.m.c.i.embedder.EclipseLogger - Using 'UTF-8' encoding to copy filtered resources.
2020-09-23 23:21:35,230 [Worker-68: Building] INFO  o.e.m.c.i.embedder.EclipseLogger - skip non existing resourceDirectory C:\Users\JAYANTA GHOSH\Desktop\FinalBackend\ourHomeLoan\src\test\resources
2020-09-23 23:23:07,586 [Worker-71: Building] INFO  o.e.m.c.i.embedder.EclipseLogger - Using 'UTF-8' encoding to copy filtered resources.
2020-09-23 23:23:07,587 [Worker-71: Building] INFO  o.e.m.c.i.embedder.EclipseLogger - skip non existing resourceDirectory C:\Users\JAYANTA GHOSH\Desktop\FinalBackend\ourHomeLoan\src\main\resources
2020-09-23 23:23:07,591 [Worker-71: Building] INFO  o.e.m.c.i.embedder.EclipseLogger - Using 'UTF-8' encoding to copy filtered resources.
2020-09-23 23:23:07,592 [Worker-71: Building] INFO  o.e.m.c.i.embedder.EclipseLogger - skip non existing resourceDirectory C:\Users\JAYANTA GHOSH\Desktop\FinalBackend\ourHomeLoan\src\test\resources
2020-09-23 23:23:50,999 [Worker-76: Building] INFO  o.e.m.c.i.embedder.EclipseLogger - Using 'UTF-8' encoding to copy filtered resources.
2020-09-23 23:23:51,000 [Worker-76: Building] INFO  o.e.m.c.i.embedder.EclipseLogger - skip non existing resourceDirectory C:\Users\JAYANTA GHOSH\Desktop\FinalBackend\ourHomeLoan\src\main\resources
2020-09-23 23:23:51,003 [Worker-76: Building] INFO  o.e.m.c.i.embedder.EclipseLogger - Using 'UTF-8' encoding to copy filtered resources.
2020-09-23 23:23:51,003 [Worker-76: Building] INFO  o.e.m.c.i.embedder.EclipseLogger - skip non existing resourceDirectory C:\Users\JAYANTA GHOSH\Desktop\FinalBackend\ourHomeLoan\src\test\resources
2020-09-23 23:25:29,550 [Worker-71: Building] INFO  o.e.m.c.i.embedder.EclipseLogger - Using 'UTF-8' encoding to copy filtered resources.
2020-09-23 23:25:29,550 [Worker-71: Building] INFO  o.e.m.c.i.embedder.EclipseLogger - skip non existing resourceDirectory C:\Users\JAYANTA GHOSH\Desktop\FinalBackend\ourHomeLoan\src\main\resources
2020-09-23 23:25:29,553 [Worker-71: Building] INFO  o.e.m.c.i.embedder.EclipseLogger - Using 'UTF-8' encoding to copy filtered resources.
2020-09-23 23:25:29,553 [Worker-71: Building] INFO  o.e.m.c.i.embedder.EclipseLogger - skip non existing resourceDirectory C:\Users\JAYANTA GHOSH\Desktop\FinalBackend\ourHomeLoan\src\test\resources
2020-09-23 23:26:01,566 [Worker-75: Building] INFO  o.e.m.c.i.embedder.EclipseLogger - Using 'UTF-8' encoding to copy filtered resources.
2020-09-23 23:26:01,566 [Worker-75: Building] INFO  o.e.m.c.i.embedder.EclipseLogger - skip non existing resourceDirectory C:\Users\JAYANTA GHOSH\Desktop\FinalBackend\ourHomeLoan\src\main\resources
2020-09-23 23:26:01,567 [Worker-75: Building] INFO  o.e.m.c.i.embedder.EclipseLogger - Using 'UTF-8' encoding to copy filtered resources.
2020-09-23 23:26:01,568 [Worker-75: Building] INFO  o.e.m.c.i.embedder.EclipseLogger - skip non existing resourceDirectory C:\Users\JAYANTA GHOSH\Desktop\FinalBackend\ourHomeLoan\src\test\resources
2020-09-23 23:26:43,460 [Worker-75: Building] INFO  o.e.m.c.i.embedder.EclipseLogger - Using 'UTF-8' encoding to copy filtered resources.
2020-09-23 23:26:43,461 [Worker-75: Building] INFO  o.e.m.c.i.embedder.EclipseLogger - skip non existing resourceDirectory C:\Users\JAYANTA GHOSH\Desktop\FinalBackend\ourHomeLoan\src\main\resources
2020-09-23 23:26:43,463 [Worker-75: Building] INFO  o.e.m.c.i.embedder.EclipseLogger - Using 'UTF-8' encoding to copy filtered resources.
2020-09-23 23:26:43,464 [Worker-75: Building] INFO  o.e.m.c.i.embedder.EclipseLogger - skip non existing resourceDirectory C:\Users\JAYANTA GHOSH\Desktop\FinalBackend\ourHomeLoan\src\test\resources
2020-09-23 23:27:48,363 [Worker-74: Building] INFO  o.e.m.c.i.embedder.EclipseLogger - Using 'UTF-8' encoding to copy filtered resources.
2020-09-23 23:27:48,364 [Worker-74: Building] INFO  o.e.m.c.i.embedder.EclipseLogger - skip non existing resourceDirectory C:\Users\JAYANTA GHOSH\Desktop\FinalBackend\ourHomeLoan\src\main\resources
2020-09-23 23:27:48,367 [Worker-74: Building] INFO  o.e.m.c.i.embedder.EclipseLogger - Using 'UTF-8' encoding to copy filtered resources.
2020-09-23 23:27:48,368 [Worker-74: Building] INFO  o.e.m.c.i.embedder.EclipseLogger - skip non existing resourceDirectory C:\Users\JAYANTA GHOSH\Desktop\FinalBackend\ourHomeLoan\src\test\resources
2020-09-23 23:31:47,091 [Worker-79: Building] INFO  o.e.m.c.i.embedder.EclipseLogger - Using 'UTF-8' encoding to copy filtered resources.
2020-09-23 23:31:47,093 [Worker-79: Building] INFO  o.e.m.c.i.embedder.EclipseLogger - skip non existing resourceDirectory C:\Users\JAYANTA GHOSH\Desktop\FinalBackend\ourHomeLoan\src\main\resources
2020-09-23 23:31:47,095 [Worker-79: Building] INFO  o.e.m.c.i.embedder.EclipseLogger - Using 'UTF-8' encoding to copy filtered resources.
2020-09-23 23:31:47,096 [Worker-79: Building] INFO  o.e.m.c.i.embedder.EclipseLogger - skip non existing resourceDirectory C:\Users\JAYANTA GHOSH\Desktop\FinalBackend\ourHomeLoan\src\test\resources
2020-09-23 23:32:52,757 [Worker-68: Building] INFO  o.e.m.c.i.embedder.EclipseLogger - Using 'UTF-8' encoding to copy filtered resources.
2020-09-23 23:32:52,758 [Worker-68: Building] INFO  o.e.m.c.i.embedder.EclipseLogger - skip non existing resourceDirectory C:\Users\JAYANTA GHOSH\Desktop\FinalBackend\ourHomeLoan\src\main\resources
2020-09-23 23:32:52,759 [Worker-68: Building] INFO  o.e.m.c.i.embedder.EclipseLogger - Using 'UTF-8' encoding to copy filtered resources.
2020-09-23 23:32:52,759 [Worker-68: Building] INFO  o.e.m.c.i.embedder.EclipseLogger - skip non existing resourceDirectory C:\Users\JAYANTA GHOSH\Desktop\FinalBackend\ourHomeLoan\src\test\resources
2020-09-23 23:35:05,561 [Worker-68: Building] INFO  o.e.m.c.i.embedder.EclipseLogger - Using 'UTF-8' encoding to copy filtered resources.
2020-09-23 23:35:05,561 [Worker-68: Building] INFO  o.e.m.c.i.embedder.EclipseLogger - skip non existing resourceDirectory C:\Users\JAYANTA GHOSH\Desktop\FinalBackend\ourHomeLoan\src\main\resources
2020-09-23 23:35:05,562 [Worker-68: Building] INFO  o.e.m.c.i.embedder.EclipseLogger - Using 'UTF-8' encoding to copy filtered resources.
2020-09-23 23:35:05,563 [Worker-68: Building] INFO  o.e.m.c.i.embedder.EclipseLogger - skip non existing resourceDirectory C:\Users\JAYANTA GHOSH\Desktop\FinalBackend\ourHomeLoan\src\test\resources
2020-09-23 23:36:22,556 [Worker-79: Building] INFO  o.e.m.c.i.embedder.EclipseLogger - Using 'UTF-8' encoding to copy filtered resources.
2020-09-23 23:36:22,556 [Worker-79: Building] INFO  o.e.m.c.i.embedder.EclipseLogger - skip non existing resourceDirectory C:\Users\JAYANTA GHOSH\Desktop\FinalBackend\ourHomeLoan\src\main\resources
2020-09-23 23:36:22,557 [Worker-79: Building] INFO  o.e.m.c.i.embedder.EclipseLogger - Using 'UTF-8' encoding to copy filtered resources.
2020-09-23 23:36:22,557 [Worker-79: Building] INFO  o.e.m.c.i.embedder.EclipseLogger - skip non existing resourceDirectory C:\Users\JAYANTA GHOSH\Desktop\FinalBackend\ourHomeLoan\src\test\resources
2020-09-23 23:38:54,432 [Worker-77: Building] INFO  o.e.m.c.i.embedder.EclipseLogger - Using 'UTF-8' encoding to copy filtered resources.
2020-09-23 23:38:54,433 [Worker-77: Building] INFO  o.e.m.c.i.embedder.EclipseLogger - skip non existing resourceDirectory C:\Users\JAYANTA GHOSH\Desktop\FinalBackend\ourHomeLoan\src\main\resources
2020-09-23 23:38:54,435 [Worker-77: Building] INFO  o.e.m.c.i.embedder.EclipseLogger - Using 'UTF-8' encoding to copy filtered resources.
2020-09-23 23:38:54,435 [Worker-77: Building] INFO  o.e.m.c.i.embedder.EclipseLogger - skip non existing resourceDirectory C:\Users\JAYANTA GHOSH\Desktop\FinalBackend\ourHomeLoan\src\test\resources
2020-09-23 23:47:33,749 [Worker-84: Launching ApplicationTest.customerLogin] INFO  o.e.m.c.i.embedder.EclipseLogger - Using 'UTF-8' encoding to copy filtered resources.
2020-09-23 23:47:33,749 [Worker-84: Launching ApplicationTest.customerLogin] INFO  o.e.m.c.i.embedder.EclipseLogger - skip non existing resourceDirectory C:\Users\JAYANTA GHOSH\Desktop\FinalBackend\ourHomeLoan\src\main\resources
2020-09-23 23:47:33,776 [Worker-84: Launching ApplicationTest.customerLogin] INFO  o.e.m.c.i.embedder.EclipseLogger - Using 'UTF-8' encoding to copy filtered resources.
2020-09-23 23:47:33,777 [Worker-84: Launching ApplicationTest.customerLogin] INFO  o.e.m.c.i.embedder.EclipseLogger - skip non existing resourceDirectory C:\Users\JAYANTA GHOSH\Desktop\FinalBackend\ourHomeLoan\src\test\resources
2020-09-23 23:56:38,568 [Worker-77: Building] INFO  o.e.m.c.i.embedder.EclipseLogger - Using 'UTF-8' encoding to copy filtered resources.
2020-09-23 23:56:38,570 [Worker-77: Building] INFO  o.e.m.c.i.embedder.EclipseLogger - skip non existing resourceDirectory C:\Users\JAYANTA GHOSH\Desktop\FinalBackend\ourHomeLoan\src\main\resources
2020-09-23 23:56:38,572 [Worker-77: Building] INFO  o.e.m.c.i.embedder.EclipseLogger - Using 'UTF-8' encoding to copy filtered resources.
2020-09-23 23:56:38,573 [Worker-77: Building] INFO  o.e.m.c.i.embedder.EclipseLogger - skip non existing resourceDirectory C:\Users\JAYANTA GHOSH\Desktop\FinalBackend\ourHomeLoan\src\test\resources
2020-09-23 23:58:22,539 [Worker-85: Building] INFO  o.e.m.c.i.embedder.EclipseLogger - Using 'UTF-8' encoding to copy filtered resources.
2020-09-23 23:58:22,540 [Worker-85: Building] INFO  o.e.m.c.i.embedder.EclipseLogger - skip non existing resourceDirectory C:\Users\JAYANTA GHOSH\Desktop\FinalBackend\ourHomeLoan\src\main\resources
2020-09-23 23:58:22,542 [Worker-85: Building] INFO  o.e.m.c.i.embedder.EclipseLogger - Using 'UTF-8' encoding to copy filtered resources.
2020-09-23 23:58:22,542 [Worker-85: Building] INFO  o.e.m.c.i.embedder.EclipseLogger - skip non existing resourceDirectory C:\Users\JAYANTA GHOSH\Desktop\FinalBackend\ourHomeLoan\src\test\resources
2020-09-23 23:58:42,569 [Worker-90: Building] INFO  o.e.m.c.i.embedder.EclipseLogger - Using 'UTF-8' encoding to copy filtered resources.
2020-09-23 23:58:42,569 [Worker-90: Building] INFO  o.e.m.c.i.embedder.EclipseLogger - skip non existing resourceDirectory C:\Users\JAYANTA GHOSH\Desktop\FinalBackend\ourHomeLoan\src\main\resources
2020-09-23 23:58:42,572 [Worker-90: Building] INFO  o.e.m.c.i.embedder.EclipseLogger - Using 'UTF-8' encoding to copy filtered resources.
2020-09-23 23:58:42,573 [Worker-90: Building] INFO  o.e.m.c.i.embedder.EclipseLogger - skip non existing resourceDirectory C:\Users\JAYANTA GHOSH\Desktop\FinalBackend\ourHomeLoan\src\test\resources
2020-09-23 23:59:23,825 [Worker-90: Building] INFO  o.e.m.c.i.embedder.EclipseLogger - Using 'UTF-8' encoding to copy filtered resources.
2020-09-23 23:59:23,826 [Worker-90: Building] INFO  o.e.m.c.i.embedder.EclipseLogger - skip non existing resourceDirectory C:\Users\JAYANTA GHOSH\Desktop\FinalBackend\ourHomeLoan\src\main\resources
2020-09-23 23:59:23,826 [Worker-90: Building] INFO  o.e.m.c.i.embedder.EclipseLogger - Using 'UTF-8' encoding to copy filtered resources.
2020-09-23 23:59:23,827 [Worker-90: Building] INFO  o.e.m.c.i.embedder.EclipseLogger - skip non existing resourceDirectory C:\Users\JAYANTA GHOSH\Desktop\FinalBackend\ourHomeLoan\src\test\resources
2020-09-24 00:00:36,226 [Worker-86: Building] INFO  o.e.m.c.i.embedder.EclipseLogger - Using 'UTF-8' encoding to copy filtered resources.
2020-09-24 00:00:36,227 [Worker-86: Building] INFO  o.e.m.c.i.embedder.EclipseLogger - skip non existing resourceDirectory C:\Users\JAYANTA GHOSH\Desktop\FinalBackend\ourHomeLoan\src\main\resources
2020-09-24 00:00:36,231 [Worker-86: Building] INFO  o.e.m.c.i.embedder.EclipseLogger - Using 'UTF-8' encoding to copy filtered resources.
2020-09-24 00:00:36,232 [Worker-86: Building] INFO  o.e.m.c.i.embedder.EclipseLogger - skip non existing resourceDirectory C:\Users\JAYANTA GHOSH\Desktop\FinalBackend\ourHomeLoan\src\test\resources
2020-09-24 00:02:30,382 [Worker-86: Building] INFO  o.e.m.c.i.embedder.EclipseLogger - Using 'UTF-8' encoding to copy filtered resources.
2020-09-24 00:02:30,383 [Worker-86: Building] INFO  o.e.m.c.i.embedder.EclipseLogger - skip non existing resourceDirectory C:\Users\JAYANTA GHOSH\Desktop\FinalBackend\ourHomeLoan\src\main\resources
2020-09-24 00:02:30,383 [Worker-86: Building] INFO  o.e.m.c.i.embedder.EclipseLogger - Using 'UTF-8' encoding to copy filtered resources.
2020-09-24 00:02:30,384 [Worker-86: Building] INFO  o.e.m.c.i.embedder.EclipseLogger - skip non existing resourceDirectory C:\Users\JAYANTA GHOSH\Desktop\FinalBackend\ourHomeLoan\src\test\resources
2020-09-24 00:07:41,014 [Worker-93: Building] INFO  o.e.m.c.i.embedder.EclipseLogger - Using 'UTF-8' encoding to copy filtered resources.
2020-09-24 00:07:41,014 [Worker-93: Building] INFO  o.e.m.c.i.embedder.EclipseLogger - skip non existing resourceDirectory C:\Users\JAYANTA GHOSH\Desktop\FinalBackend\ourHomeLoan\src\main\resources
2020-09-24 00:07:41,016 [Worker-93: Building] INFO  o.e.m.c.i.embedder.EclipseLogger - Using 'UTF-8' encoding to copy filtered resources.
2020-09-24 00:07:41,016 [Worker-93: Building] INFO  o.e.m.c.i.embedder.EclipseLogger - skip non existing resourceDirectory C:\Users\JAYANTA GHOSH\Desktop\FinalBackend\ourHomeLoan\src\test\resources
2020-09-24 00:12:29,721 [Worker-95: Building] INFO  o.e.m.c.i.embedder.EclipseLogger - Using 'UTF-8' encoding to copy filtered resources.
2020-09-24 00:12:29,721 [Worker-95: Building] INFO  o.e.m.c.i.embedder.EclipseLogger - skip non existing resourceDirectory C:\Users\JAYANTA GHOSH\Desktop\FinalBackend\ourHomeLoan\src\main\resources
2020-09-24 00:12:29,723 [Worker-95: Building] INFO  o.e.m.c.i.embedder.EclipseLogger - Using 'UTF-8' encoding to copy filtered resources.
2020-09-24 00:12:29,723 [Worker-95: Building] INFO  o.e.m.c.i.embedder.EclipseLogger - skip non existing resourceDirectory C:\Users\JAYANTA GHOSH\Desktop\FinalBackend\ourHomeLoan\src\test\resources
2020-09-24 00:13:31,177 [Worker-98: Building] INFO  o.e.m.c.i.embedder.EclipseLogger - Using 'UTF-8' encoding to copy filtered resources.
2020-09-24 00:13:31,179 [Worker-98: Building] INFO  o.e.m.c.i.embedder.EclipseLogger - skip non existing resourceDirectory C:\Users\JAYANTA GHOSH\Desktop\FinalBackend\ourHomeLoan\src\main\resources
2020-09-24 00:13:31,182 [Worker-98: Building] INFO  o.e.m.c.i.embedder.EclipseLogger - Using 'UTF-8' encoding to copy filtered resources.
2020-09-24 00:13:31,182 [Worker-98: Building] INFO  o.e.m.c.i.embedder.EclipseLogger - skip non existing resourceDirectory C:\Users\JAYANTA GHOSH\Desktop\FinalBackend\ourHomeLoan\src\test\resources
2020-09-24 00:13:40,961 [Worker-99: Building] INFO  o.e.m.c.i.embedder.EclipseLogger - Using 'UTF-8' encoding to copy filtered resources.
2020-09-24 00:13:40,961 [Worker-99: Building] INFO  o.e.m.c.i.embedder.EclipseLogger - skip non existing resourceDirectory C:\Users\JAYANTA GHOSH\Desktop\FinalBackend\ourHomeLoan\src\main\resources
2020-09-24 00:13:40,962 [Worker-99: Building] INFO  o.e.m.c.i.embedder.EclipseLogger - Using 'UTF-8' encoding to copy filtered resources.
2020-09-24 00:13:40,963 [Worker-99: Building] INFO  o.e.m.c.i.embedder.EclipseLogger - skip non existing resourceDirectory C:\Users\JAYANTA GHOSH\Desktop\FinalBackend\ourHomeLoan\src\test\resources
2020-09-24 00:20:43,902 [Worker-97: Building] INFO  o.e.m.c.i.embedder.EclipseLogger - Using 'UTF-8' encoding to copy filtered resources.
2020-09-24 00:20:43,903 [Worker-97: Building] INFO  o.e.m.c.i.embedder.EclipseLogger - skip non existing resourceDirectory C:\Users\JAYANTA GHOSH\Desktop\FinalBackend\ourHomeLoan\src\main\resources
2020-09-24 00:20:43,906 [Worker-97: Building] INFO  o.e.m.c.i.embedder.EclipseLogger - Using 'UTF-8' encoding to copy filtered resources.
2020-09-24 00:20:43,907 [Worker-97: Building] INFO  o.e.m.c.i.embedder.EclipseLogger - skip non existing resourceDirectory C:\Users\JAYANTA GHOSH\Desktop\FinalBackend\ourHomeLoan\src\test\resources
2020-09-24 00:21:56,283 [Worker-93: Building] INFO  o.e.m.c.i.embedder.EclipseLogger - Using 'UTF-8' encoding to copy filtered resources.
2020-09-24 00:21:56,283 [Worker-93: Building] INFO  o.e.m.c.i.embedder.EclipseLogger - skip non existing resourceDirectory C:\Users\JAYANTA GHOSH\Desktop\FinalBackend\ourHomeLoan\src\main\resources
2020-09-24 00:21:56,285 [Worker-93: Building] INFO  o.e.m.c.i.embedder.EclipseLogger - Using 'UTF-8' encoding to copy filtered resources.
2020-09-24 00:21:56,285 [Worker-93: Building] INFO  o.e.m.c.i.embedder.EclipseLogger - skip non existing resourceDirectory C:\Users\JAYANTA GHOSH\Desktop\FinalBackend\ourHomeLoan\src\test\resources
2020-09-24 00:26:30,264 [Worker-100: Building] INFO  o.e.m.c.i.embedder.EclipseLogger - Using 'UTF-8' encoding to copy filtered resources.
2020-09-24 00:26:30,265 [Worker-100: Building] INFO  o.e.m.c.i.embedder.EclipseLogger - skip non existing resourceDirectory C:\Users\JAYANTA GHOSH\Desktop\FinalBackend\ourHomeLoan\src\main\resources
2020-09-24 00:26:30,267 [Worker-100: Building] INFO  o.e.m.c.i.embedder.EclipseLogger - Using 'UTF-8' encoding to copy filtered resources.
2020-09-24 00:26:30,267 [Worker-100: Building] INFO  o.e.m.c.i.embedder.EclipseLogger - skip non existing resourceDirectory C:\Users\JAYANTA GHOSH\Desktop\FinalBackend\ourHomeLoan\src\test\resources
2020-09-24 00:26:53,408 [Worker-98: Launching AdminUpdateTest.insertAccountByAdminTest] INFO  o.e.m.c.i.embedder.EclipseLogger - Using 'UTF-8' encoding to copy filtered resources.
2020-09-24 00:26:53,409 [Worker-98: Launching AdminUpdateTest.insertAccountByAdminTest] INFO  o.e.m.c.i.embedder.EclipseLogger - skip non existing resourceDirectory C:\Users\JAYANTA GHOSH\Desktop\FinalBackend\ourHomeLoan\src\main\resources
2020-09-24 00:26:53,410 [Worker-98: Launching AdminUpdateTest.insertAccountByAdminTest] INFO  o.e.m.c.i.embedder.EclipseLogger - Using 'UTF-8' encoding to copy filtered resources.
2020-09-24 00:26:53,411 [Worker-98: Launching AdminUpdateTest.insertAccountByAdminTest] INFO  o.e.m.c.i.embedder.EclipseLogger - skip non existing resourceDirectory C:\Users\JAYANTA GHOSH\Desktop\FinalBackend\ourHomeLoan\src\test\resources
2020-09-24 00:34:33,230 [Worker-102: Building] INFO  o.e.m.c.i.embedder.EclipseLogger - Using 'UTF-8' encoding to copy filtered resources.
2020-09-24 00:34:33,231 [Worker-102: Building] INFO  o.e.m.c.i.embedder.EclipseLogger - skip non existing resourceDirectory C:\Users\JAYANTA GHOSH\Desktop\FinalBackend\ourHomeLoan\src\main\resources
2020-09-24 00:34:33,232 [Worker-102: Building] INFO  o.e.m.c.i.embedder.EclipseLogger - Using 'UTF-8' encoding to copy filtered resources.
2020-09-24 00:34:33,233 [Worker-102: Building] INFO  o.e.m.c.i.embedder.EclipseLogger - skip non existing resourceDirectory C:\Users\JAYANTA GHOSH\Desktop\FinalBackend\ourHomeLoan\src\test\resources
2020-09-24 00:35:26,964 [Worker-102: Building] INFO  o.e.m.c.i.embedder.EclipseLogger - Using 'UTF-8' encoding to copy filtered resources.
2020-09-24 00:35:26,964 [Worker-102: Building] INFO  o.e.m.c.i.embedder.EclipseLogger - skip non existing resourceDirectory C:\Users\JAYANTA GHOSH\Desktop\FinalBackend\ourHomeLoan\src\main\resources
2020-09-24 00:35:26,967 [Worker-102: Building] INFO  o.e.m.c.i.embedder.EclipseLogger - Using 'UTF-8' encoding to copy filtered resources.
2020-09-24 00:35:26,969 [Worker-102: Building] INFO  o.e.m.c.i.embedder.EclipseLogger - skip non existing resourceDirectory C:\Users\JAYANTA GHOSH\Desktop\FinalBackend\ourHomeLoan\src\test\resources
2020-09-24 00:49:12,446 [Worker-111: Building] INFO  o.e.m.c.i.embedder.EclipseLogger - Using 'UTF-8' encoding to copy filtered resources.
2020-09-24 00:49:12,447 [Worker-111: Building] INFO  o.e.m.c.i.embedder.EclipseLogger - skip non existing resourceDirectory C:\Users\JAYANTA GHOSH\Desktop\FinalBackend\ourHomeLoan\src\main\resources
2020-09-24 00:49:12,453 [Worker-111: Building] INFO  o.e.m.c.i.embedder.EclipseLogger - Using 'UTF-8' encoding to copy filtered resources.
2020-09-24 00:49:12,453 [Worker-111: Building] INFO  o.e.m.c.i.embedder.EclipseLogger - skip non existing resourceDirectory C:\Users\JAYANTA GHOSH\Desktop\FinalBackend\ourHomeLoan\src\test\resources
2020-09-24 00:52:45,470 [Worker-112: Building] INFO  o.e.m.c.i.embedder.EclipseLogger - Using 'UTF-8' encoding to copy filtered resources.
2020-09-24 00:52:45,471 [Worker-112: Building] INFO  o.e.m.c.i.embedder.EclipseLogger - skip non existing resourceDirectory C:\Users\JAYANTA GHOSH\Desktop\FinalBackend\ourHomeLoan\src\main\resources
2020-09-24 00:52:45,472 [Worker-112: Building] INFO  o.e.m.c.i.embedder.EclipseLogger - Using 'UTF-8' encoding to copy filtered resources.
2020-09-24 00:52:45,472 [Worker-112: Building] INFO  o.e.m.c.i.embedder.EclipseLogger - skip non existing resourceDirectory C:\Users\JAYANTA GHOSH\Desktop\FinalBackend\ourHomeLoan\src\test\resources
2020-09-24 00:53:11,473 [Worker-113: Building] INFO  o.e.m.c.i.embedder.EclipseLogger - Using 'UTF-8' encoding to copy filtered resources.
2020-09-24 00:53:11,473 [Worker-113: Building] INFO  o.e.m.c.i.embedder.EclipseLogger - skip non existing resourceDirectory C:\Users\JAYANTA GHOSH\Desktop\FinalBackend\ourHomeLoan\src\main\resources
2020-09-24 00:53:11,476 [Worker-113: Building] INFO  o.e.m.c.i.embedder.EclipseLogger - Using 'UTF-8' encoding to copy filtered resources.
2020-09-24 00:53:11,477 [Worker-113: Building] INFO  o.e.m.c.i.embedder.EclipseLogger - skip non existing resourceDirectory C:\Users\JAYANTA GHOSH\Desktop\FinalBackend\ourHomeLoan\src\test\resources
2020-09-24 00:54:33,491 [Worker-105: Launching AdminUpdateTest.loanTableUpdateByAdminTest] INFO  o.e.m.c.i.embedder.EclipseLogger - Using 'UTF-8' encoding to copy filtered resources.
2020-09-24 00:54:33,491 [Worker-105: Launching AdminUpdateTest.loanTableUpdateByAdminTest] INFO  o.e.m.c.i.embedder.EclipseLogger - skip non existing resourceDirectory C:\Users\JAYANTA GHOSH\Desktop\FinalBackend\ourHomeLoan\src\main\resources
2020-09-24 00:54:33,493 [Worker-105: Launching AdminUpdateTest.loanTableUpdateByAdminTest] INFO  o.e.m.c.i.embedder.EclipseLogger - Using 'UTF-8' encoding to copy filtered resources.
2020-09-24 00:54:33,493 [Worker-105: Launching AdminUpdateTest.loanTableUpdateByAdminTest] INFO  o.e.m.c.i.embedder.EclipseLogger - skip non existing resourceDirectory C:\Users\JAYANTA GHOSH\Desktop\FinalBackend\ourHomeLoan\src\test\resources
2020-09-24 00:55:37,419 [Worker-112: Building] INFO  o.e.m.c.i.embedder.EclipseLogger - Using 'UTF-8' encoding to copy filtered resources.
2020-09-24 00:55:37,419 [Worker-112: Building] INFO  o.e.m.c.i.embedder.EclipseLogger - skip non existing resourceDirectory C:\Users\JAYANTA GHOSH\Desktop\FinalBackend\ourHomeLoan\src\main\resources
2020-09-24 00:55:37,420 [Worker-112: Building] INFO  o.e.m.c.i.embedder.EclipseLogger - Using 'UTF-8' encoding to copy filtered resources.
2020-09-24 00:55:37,420 [Worker-112: Building] INFO  o.e.m.c.i.embedder.EclipseLogger - skip non existing resourceDirectory C:\Users\JAYANTA GHOSH\Desktop\FinalBackend\ourHomeLoan\src\test\resources
2020-09-24 00:55:51,490 [Worker-105: Building] INFO  o.e.m.c.i.embedder.EclipseLogger - Using 'UTF-8' encoding to copy filtered resources.
2020-09-24 00:55:51,490 [Worker-105: Building] INFO  o.e.m.c.i.embedder.EclipseLogger - skip non existing resourceDirectory C:\Users\JAYANTA GHOSH\Desktop\FinalBackend\ourHomeLoan\src\main\resources
2020-09-24 00:55:51,491 [Worker-105: Building] INFO  o.e.m.c.i.embedder.EclipseLogger - Using 'UTF-8' encoding to copy filtered resources.
2020-09-24 00:55:51,492 [Worker-105: Building] INFO  o.e.m.c.i.embedder.EclipseLogger - skip non existing resourceDirectory C:\Users\JAYANTA GHOSH\Desktop\FinalBackend\ourHomeLoan\src\test\resources
2020-09-24 00:56:27,623 [Worker-111: Building] INFO  o.e.m.c.i.embedder.EclipseLogger - Using 'UTF-8' encoding to copy filtered resources.
2020-09-24 00:56:27,624 [Worker-111: Building] INFO  o.e.m.c.i.embedder.EclipseLogger - skip non existing resourceDirectory C:\Users\JAYANTA GHOSH\Desktop\FinalBackend\ourHomeLoan\src\main\resources
2020-09-24 00:56:27,625 [Worker-111: Building] INFO  o.e.m.c.i.embedder.EclipseLogger - Using 'UTF-8' encoding to copy filtered resources.
2020-09-24 00:56:27,625 [Worker-111: Building] INFO  o.e.m.c.i.embedder.EclipseLogger - skip non existing resourceDirectory C:\Users\JAYANTA GHOSH\Desktop\FinalBackend\ourHomeLoan\src\test\resources
2020-09-24 01:00:08,787 [Worker-110: Building] INFO  o.e.m.c.i.embedder.EclipseLogger - Using 'UTF-8' encoding to copy filtered resources.
2020-09-24 01:00:08,788 [Worker-110: Building] INFO  o.e.m.c.i.embedder.EclipseLogger - skip non existing resourceDirectory C:\Users\JAYANTA GHOSH\Desktop\FinalBackend\ourHomeLoan\src\main\resources
2020-09-24 01:00:08,789 [Worker-110: Building] INFO  o.e.m.c.i.embedder.EclipseLogger - Using 'UTF-8' encoding to copy filtered resources.
2020-09-24 01:00:08,790 [Worker-110: Building] INFO  o.e.m.c.i.embedder.EclipseLogger - skip non existing resourceDirectory C:\Users\JAYANTA GHOSH\Desktop\FinalBackend\ourHomeLoan\src\test\resources
2020-09-24 01:00:24,033 [Worker-113: Building] INFO  o.e.m.c.i.embedder.EclipseLogger - Using 'UTF-8' encoding to copy filtered resources.
2020-09-24 01:00:24,033 [Worker-113: Building] INFO  o.e.m.c.i.embedder.EclipseLogger - skip non existing resourceDirectory C:\Users\JAYANTA GHOSH\Desktop\FinalBackend\ourHomeLoan\src\main\resources
2020-09-24 01:00:24,035 [Worker-113: Building] INFO  o.e.m.c.i.embedder.EclipseLogger - Using 'UTF-8' encoding to copy filtered resources.
2020-09-24 01:00:24,036 [Worker-113: Building] INFO  o.e.m.c.i.embedder.EclipseLogger - skip non existing resourceDirectory C:\Users\JAYANTA GHOSH\Desktop\FinalBackend\ourHomeLoan\src\test\resources
2020-09-24 01:06:58,590 [Worker-113: Building] INFO  o.e.m.c.i.embedder.EclipseLogger - Using 'UTF-8' encoding to copy filtered resources.
2020-09-24 01:06:58,590 [Worker-113: Building] INFO  o.e.m.c.i.embedder.EclipseLogger - skip non existing resourceDirectory C:\Users\JAYANTA GHOSH\Desktop\FinalBackend\ourHomeLoan\src\main\resources
2020-09-24 01:06:58,591 [Worker-113: Building] INFO  o.e.m.c.i.embedder.EclipseLogger - Using 'UTF-8' encoding to copy filtered resources.
2020-09-24 01:06:58,592 [Worker-113: Building] INFO  o.e.m.c.i.embedder.EclipseLogger - skip non existing resourceDirectory C:\Users\JAYANTA GHOSH\Desktop\FinalBackend\ourHomeLoan\src\test\resources
2020-09-24 01:09:25,867 [Worker-121: Building] INFO  o.e.m.c.i.embedder.EclipseLogger - Using 'UTF-8' encoding to copy filtered resources.
2020-09-24 01:09:25,868 [Worker-121: Building] INFO  o.e.m.c.i.embedder.EclipseLogger - skip non existing resourceDirectory C:\Users\JAYANTA GHOSH\Desktop\FinalBackend\ourHomeLoan\src\main\resources
2020-09-24 01:09:25,869 [Worker-121: Building] INFO  o.e.m.c.i.embedder.EclipseLogger - Using 'UTF-8' encoding to copy filtered resources.
2020-09-24 01:09:25,870 [Worker-121: Building] INFO  o.e.m.c.i.embedder.EclipseLogger - skip non existing resourceDirectory C:\Users\JAYANTA GHOSH\Desktop\FinalBackend\ourHomeLoan\src\test\resources
2020-09-24 01:09:57,088 [Worker-120: Building] INFO  o.e.m.c.i.embedder.EclipseLogger - Using 'UTF-8' encoding to copy filtered resources.
2020-09-24 01:09:57,088 [Worker-120: Building] INFO  o.e.m.c.i.embedder.EclipseLogger - skip non existing resourceDirectory C:\Users\JAYANTA GHOSH\Desktop\FinalBackend\ourHomeLoan\src\main\resources
2020-09-24 01:09:57,089 [Worker-120: Building] INFO  o.e.m.c.i.embedder.EclipseLogger - Using 'UTF-8' encoding to copy filtered resources.
2020-09-24 01:09:57,090 [Worker-120: Building] INFO  o.e.m.c.i.embedder.EclipseLogger - skip non existing resourceDirectory C:\Users\JAYANTA GHOSH\Desktop\FinalBackend\ourHomeLoan\src\test\resources
2020-09-24 01:10:53,946 [Worker-119: Building] INFO  o.e.m.c.i.embedder.EclipseLogger - Using 'UTF-8' encoding to copy filtered resources.
2020-09-24 01:10:53,947 [Worker-119: Building] INFO  o.e.m.c.i.embedder.EclipseLogger - skip non existing resourceDirectory C:\Users\JAYANTA GHOSH\Desktop\FinalBackend\ourHomeLoan\src\main\resources
2020-09-24 01:10:53,948 [Worker-119: Building] INFO  o.e.m.c.i.embedder.EclipseLogger - Using 'UTF-8' encoding to copy filtered resources.
2020-09-24 01:10:53,948 [Worker-119: Building] INFO  o.e.m.c.i.embedder.EclipseLogger - skip non existing resourceDirectory C:\Users\JAYANTA GHOSH\Desktop\FinalBackend\ourHomeLoan\src\test\resources
2020-09-24 01:11:06,450 [Worker-119: Building] INFO  o.e.m.c.i.embedder.EclipseLogger - Using 'UTF-8' encoding to copy filtered resources.
2020-09-24 01:11:06,451 [Worker-119: Building] INFO  o.e.m.c.i.embedder.EclipseLogger - skip non existing resourceDirectory C:\Users\JAYANTA GHOSH\Desktop\FinalBackend\ourHomeLoan\src\main\resources
2020-09-24 01:11:06,452 [Worker-119: Building] INFO  o.e.m.c.i.embedder.EclipseLogger - Using 'UTF-8' encoding to copy filtered resources.
2020-09-24 01:11:06,453 [Worker-119: Building] INFO  o.e.m.c.i.embedder.EclipseLogger - skip non existing resourceDirectory C:\Users\JAYANTA GHOSH\Desktop\FinalBackend\ourHomeLoan\src\test\resources
2020-09-24 01:12:10,115 [Worker-119: Building] INFO  o.e.m.c.i.embedder.EclipseLogger - Using 'UTF-8' encoding to copy filtered resources.
2020-09-24 01:12:10,115 [Worker-119: Building] INFO  o.e.m.c.i.embedder.EclipseLogger - skip non existing resourceDirectory C:\Users\JAYANTA GHOSH\Desktop\FinalBackend\ourHomeLoan\src\main\resources
2020-09-24 01:12:10,116 [Worker-119: Building] INFO  o.e.m.c.i.embedder.EclipseLogger - Using 'UTF-8' encoding to copy filtered resources.
2020-09-24 01:12:10,117 [Worker-119: Building] INFO  o.e.m.c.i.embedder.EclipseLogger - skip non existing resourceDirectory C:\Users\JAYANTA GHOSH\Desktop\FinalBackend\ourHomeLoan\src\test\resources
2020-09-24 01:13:12,945 [Worker-122: Building] INFO  o.e.m.c.i.embedder.EclipseLogger - Using 'UTF-8' encoding to copy filtered resources.
2020-09-24 01:13:12,946 [Worker-122: Building] INFO  o.e.m.c.i.embedder.EclipseLogger - skip non existing resourceDirectory C:\Users\JAYANTA GHOSH\Desktop\FinalBackend\ourHomeLoan\src\main\resources
2020-09-24 01:13:12,947 [Worker-122: Building] INFO  o.e.m.c.i.embedder.EclipseLogger - Using 'UTF-8' encoding to copy filtered resources.
2020-09-24 01:13:12,948 [Worker-122: Building] INFO  o.e.m.c.i.embedder.EclipseLogger - skip non existing resourceDirectory C:\Users\JAYANTA GHOSH\Desktop\FinalBackend\ourHomeLoan\src\test\resources
2020-09-24 01:13:38,730 [Worker-113: Building] INFO  o.e.m.c.i.embedder.EclipseLogger - Using 'UTF-8' encoding to copy filtered resources.
2020-09-24 01:13:38,730 [Worker-113: Building] INFO  o.e.m.c.i.embedder.EclipseLogger - skip non existing resourceDirectory C:\Users\JAYANTA GHOSH\Desktop\FinalBackend\ourHomeLoan\src\main\resources
2020-09-24 01:13:38,731 [Worker-113: Building] INFO  o.e.m.c.i.embedder.EclipseLogger - Using 'UTF-8' encoding to copy filtered resources.
2020-09-24 01:13:38,732 [Worker-113: Building] INFO  o.e.m.c.i.embedder.EclipseLogger - skip non existing resourceDirectory C:\Users\JAYANTA GHOSH\Desktop\FinalBackend\ourHomeLoan\src\test\resources
2020-09-24 01:16:37,809 [Worker-120: Building] INFO  o.e.m.c.i.embedder.EclipseLogger - Using 'UTF-8' encoding to copy filtered resources.
2020-09-24 01:16:37,809 [Worker-120: Building] INFO  o.e.m.c.i.embedder.EclipseLogger - skip non existing resourceDirectory C:\Users\JAYANTA GHOSH\Desktop\FinalBackend\ourHomeLoan\src\main\resources
2020-09-24 01:16:37,812 [Worker-120: Building] INFO  o.e.m.c.i.embedder.EclipseLogger - Using 'UTF-8' encoding to copy filtered resources.
2020-09-24 01:16:37,812 [Worker-120: Building] INFO  o.e.m.c.i.embedder.EclipseLogger - skip non existing resourceDirectory C:\Users\JAYANTA GHOSH\Desktop\FinalBackend\ourHomeLoan\src\test\resources
2020-09-24 01:20:10,423 [Worker-119: Launching AdminUpdateTest.insertAccountByAdminTest] INFO  o.e.m.c.i.embedder.EclipseLogger - Using 'UTF-8' encoding to copy filtered resources.
2020-09-24 01:20:10,423 [Worker-119: Launching AdminUpdateTest.insertAccountByAdminTest] INFO  o.e.m.c.i.embedder.EclipseLogger - skip non existing resourceDirectory C:\Users\JAYANTA GHOSH\Desktop\FinalBackend\ourHomeLoan\src\main\resources
2020-09-24 01:20:10,426 [Worker-119: Launching AdminUpdateTest.insertAccountByAdminTest] INFO  o.e.m.c.i.embedder.EclipseLogger - Using 'UTF-8' encoding to copy filtered resources.
2020-09-24 01:20:10,427 [Worker-119: Launching AdminUpdateTest.insertAccountByAdminTest] INFO  o.e.m.c.i.embedder.EclipseLogger - skip non existing resourceDirectory C:\Users\JAYANTA GHOSH\Desktop\FinalBackend\ourHomeLoan\src\test\resources
2020-09-24 01:30:15,101 [Worker-119: Building] INFO  o.e.m.c.i.embedder.EclipseLogger - Using 'UTF-8' encoding to copy filtered resources.
2020-09-24 01:30:15,102 [Worker-119: Building] INFO  o.e.m.c.i.embedder.EclipseLogger - skip non existing resourceDirectory C:\Users\JAYANTA GHOSH\Desktop\FinalBackend\ourHomeLoan\src\main\resources
2020-09-24 01:30:15,103 [Worker-119: Building] INFO  o.e.m.c.i.embedder.EclipseLogger - Using 'UTF-8' encoding to copy filtered resources.
2020-09-24 01:30:15,103 [Worker-119: Building] INFO  o.e.m.c.i.embedder.EclipseLogger - skip non existing resourceDirectory C:\Users\JAYANTA GHOSH\Desktop\FinalBackend\ourHomeLoan\src\test\resources
2020-09-24 01:30:57,757 [Worker-132: Building] INFO  o.e.m.c.i.embedder.EclipseLogger - Using 'UTF-8' encoding to copy filtered resources.
2020-09-24 01:30:57,758 [Worker-132: Building] INFO  o.e.m.c.i.embedder.EclipseLogger - skip non existing resourceDirectory C:\Users\JAYANTA GHOSH\Desktop\FinalBackend\ourHomeLoan\src\main\resources
2020-09-24 01:30:57,759 [Worker-132: Building] INFO  o.e.m.c.i.embedder.EclipseLogger - Using 'UTF-8' encoding to copy filtered resources.
2020-09-24 01:30:57,759 [Worker-132: Building] INFO  o.e.m.c.i.embedder.EclipseLogger - skip non existing resourceDirectory C:\Users\JAYANTA GHOSH\Desktop\FinalBackend\ourHomeLoan\src\test\resources
2020-09-24 01:32:06,186 [Worker-133: Building] INFO  o.e.m.c.i.embedder.EclipseLogger - Using 'UTF-8' encoding to copy filtered resources.
2020-09-24 01:32:06,187 [Worker-133: Building] INFO  o.e.m.c.i.embedder.EclipseLogger - skip non existing resourceDirectory C:\Users\JAYANTA GHOSH\Desktop\FinalBackend\ourHomeLoan\src\main\resources
2020-09-24 01:32:06,187 [Worker-133: Building] INFO  o.e.m.c.i.embedder.EclipseLogger - Using 'UTF-8' encoding to copy filtered resources.
2020-09-24 01:32:06,187 [Worker-133: Building] INFO  o.e.m.c.i.embedder.EclipseLogger - skip non existing resourceDirectory C:\Users\JAYANTA GHOSH\Desktop\FinalBackend\ourHomeLoan\src\test\resources
2020-09-24 01:32:36,607 [Worker-127: Building] INFO  o.e.m.c.i.embedder.EclipseLogger - Using 'UTF-8' encoding to copy filtered resources.
2020-09-24 01:32:36,608 [Worker-127: Building] INFO  o.e.m.c.i.embedder.EclipseLogger - skip non existing resourceDirectory C:\Users\JAYANTA GHOSH\Desktop\FinalBackend\ourHomeLoan\src\main\resources
2020-09-24 01:32:36,610 [Worker-127: Building] INFO  o.e.m.c.i.embedder.EclipseLogger - Using 'UTF-8' encoding to copy filtered resources.
2020-09-24 01:32:36,610 [Worker-127: Building] INFO  o.e.m.c.i.embedder.EclipseLogger - skip non existing resourceDirectory C:\Users\JAYANTA GHOSH\Desktop\FinalBackend\ourHomeLoan\src\test\resources
2020-09-24 01:33:59,204 [Worker-131: Building] INFO  o.e.m.c.i.embedder.EclipseLogger - Using 'UTF-8' encoding to copy filtered resources.
2020-09-24 01:33:59,204 [Worker-131: Building] INFO  o.e.m.c.i.embedder.EclipseLogger - skip non existing resourceDirectory C:\Users\JAYANTA GHOSH\Desktop\FinalBackend\ourHomeLoan\src\main\resources
2020-09-24 01:33:59,205 [Worker-131: Building] INFO  o.e.m.c.i.embedder.EclipseLogger - Using 'UTF-8' encoding to copy filtered resources.
2020-09-24 01:33:59,206 [Worker-131: Building] INFO  o.e.m.c.i.embedder.EclipseLogger - skip non existing resourceDirectory C:\Users\JAYANTA GHOSH\Desktop\FinalBackend\ourHomeLoan\src\test\resources
2020-09-24 01:37:05,791 [Worker-131: Building] INFO  o.e.m.c.i.embedder.EclipseLogger - Using 'UTF-8' encoding to copy filtered resources.
2020-09-24 01:37:05,791 [Worker-131: Building] INFO  o.e.m.c.i.embedder.EclipseLogger - skip non existing resourceDirectory C:\Users\JAYANTA GHOSH\Desktop\FinalBackend\ourHomeLoan\src\main\resources
2020-09-24 01:37:05,792 [Worker-131: Building] INFO  o.e.m.c.i.embedder.EclipseLogger - Using 'UTF-8' encoding to copy filtered resources.
2020-09-24 01:37:05,793 [Worker-131: Building] INFO  o.e.m.c.i.embedder.EclipseLogger - skip non existing resourceDirectory C:\Users\JAYANTA GHOSH\Desktop\FinalBackend\ourHomeLoan\src\test\resources
2020-09-24 01:44:28,950 [Worker-135: Building] INFO  o.e.m.c.i.embedder.EclipseLogger - Using 'UTF-8' encoding to copy filtered resources.
2020-09-24 01:44:28,951 [Worker-135: Building] INFO  o.e.m.c.i.embedder.EclipseLogger - skip non existing resourceDirectory C:\Users\JAYANTA GHOSH\Desktop\FinalBackend\ourHomeLoan\src\main\resources
2020-09-24 01:44:28,954 [Worker-135: Building] INFO  o.e.m.c.i.embedder.EclipseLogger - Using 'UTF-8' encoding to copy filtered resources.
2020-09-24 01:44:28,955 [Worker-135: Building] INFO  o.e.m.c.i.embedder.EclipseLogger - skip non existing resourceDirectory C:\Users\JAYANTA GHOSH\Desktop\FinalBackend\ourHomeLoan\src\test\resources
2020-09-24 18:39:36,574 [Worker-3: Loading available Gradle versions] INFO  o.e.b.c.i.u.g.PublishedGradleVersions - Gradle version information cache is up-to-date. Trying to read.
2020-09-24 18:46:05,429 [Worker-7: Building] INFO  o.e.m.c.i.embedder.EclipseLogger - Using 'UTF-8' encoding to copy filtered resources.
2020-09-24 18:46:05,431 [Worker-7: Building] INFO  o.e.m.c.i.embedder.EclipseLogger - skip non existing resourceDirectory C:\Users\JAYANTA GHOSH\Desktop\FinalBackend\ourHomeLoan\src\main\resources
2020-09-24 18:46:05,450 [Worker-7: Building] INFO  o.e.m.c.i.embedder.EclipseLogger - Using 'UTF-8' encoding to copy filtered resources.
2020-09-24 18:46:05,450 [Worker-7: Building] INFO  o.e.m.c.i.embedder.EclipseLogger - skip non existing resourceDirectory C:\Users\JAYANTA GHOSH\Desktop\FinalBackend\ourHomeLoan\src\test\resources
2020-09-24 18:50:05,084 [Worker-20: Building] INFO  o.e.m.c.i.embedder.EclipseLogger - Using 'UTF-8' encoding to copy filtered resources.
2020-09-24 18:50:05,084 [Worker-20: Building] INFO  o.e.m.c.i.embedder.EclipseLogger - skip non existing resourceDirectory C:\Users\JAYANTA GHOSH\Desktop\FinalBackend\ourHomeLoan\src\main\resources
2020-09-24 18:50:05,089 [Worker-20: Building] INFO  o.e.m.c.i.embedder.EclipseLogger - Using 'UTF-8' encoding to copy filtered resources.
2020-09-24 18:50:05,089 [Worker-20: Building] INFO  o.e.m.c.i.embedder.EclipseLogger - skip non existing resourceDirectory C:\Users\JAYANTA GHOSH\Desktop\FinalBackend\ourHomeLoan\src\test\resources
2020-09-24 18:50:25,060 [Worker-5: Building] INFO  o.e.m.c.i.embedder.EclipseLogger - Using 'UTF-8' encoding to copy filtered resources.
2020-09-24 18:50:25,060 [Worker-5: Building] INFO  o.e.m.c.i.embedder.EclipseLogger - skip non existing resourceDirectory C:\Users\JAYANTA GHOSH\Desktop\FinalBackend\ourHomeLoan\src\main\resources
2020-09-24 18:50:25,062 [Worker-5: Building] INFO  o.e.m.c.i.embedder.EclipseLogger - Using 'UTF-8' encoding to copy filtered resources.
2020-09-24 18:50:25,062 [Worker-5: Building] INFO  o.e.m.c.i.embedder.EclipseLogger - skip non existing resourceDirectory C:\Users\JAYANTA GHOSH\Desktop\FinalBackend\ourHomeLoan\src\test\resources
2020-09-24 18:55:17,221 [Worker-25: Building] INFO  o.e.m.c.i.embedder.EclipseLogger - Using 'UTF-8' encoding to copy filtered resources.
2020-09-24 18:55:17,221 [Worker-25: Building] INFO  o.e.m.c.i.embedder.EclipseLogger - skip non existing resourceDirectory C:\Users\JAYANTA GHOSH\Desktop\FinalBackend\ourHomeLoan\src\main\resources
2020-09-24 18:55:17,223 [Worker-25: Building] INFO  o.e.m.c.i.embedder.EclipseLogger - Using 'UTF-8' encoding to copy filtered resources.
2020-09-24 18:55:17,224 [Worker-25: Building] INFO  o.e.m.c.i.embedder.EclipseLogger - skip non existing resourceDirectory C:\Users\JAYANTA GHOSH\Desktop\FinalBackend\ourHomeLoan\src\test\resources
2020-09-24 19:10:34,968 [Worker-28: Building] INFO  o.e.m.c.i.embedder.EclipseLogger - Using 'UTF-8' encoding to copy filtered resources.
2020-09-24 19:10:34,971 [Worker-28: Building] INFO  o.e.m.c.i.embedder.EclipseLogger - skip non existing resourceDirectory C:\Users\JAYANTA GHOSH\Desktop\FinalBackend\ourHomeLoan\src\main\resources
2020-09-24 19:10:34,974 [Worker-28: Building] INFO  o.e.m.c.i.embedder.EclipseLogger - Using 'UTF-8' encoding to copy filtered resources.
2020-09-24 19:10:34,975 [Worker-28: Building] INFO  o.e.m.c.i.embedder.EclipseLogger - skip non existing resourceDirectory C:\Users\JAYANTA GHOSH\Desktop\FinalBackend\ourHomeLoan\src\test\resources
2020-09-24 19:10:50,456 [Worker-31: Building] INFO  o.e.m.c.i.embedder.EclipseLogger - Using 'UTF-8' encoding to copy filtered resources.
2020-09-24 19:10:50,457 [Worker-31: Building] INFO  o.e.m.c.i.embedder.EclipseLogger - skip non existing resourceDirectory C:\Users\JAYANTA GHOSH\Desktop\FinalBackend\ourHomeLoan\src\main\resources
2020-09-24 19:10:50,460 [Worker-31: Building] INFO  o.e.m.c.i.embedder.EclipseLogger - Using 'UTF-8' encoding to copy filtered resources.
2020-09-24 19:10:50,460 [Worker-31: Building] INFO  o.e.m.c.i.embedder.EclipseLogger - skip non existing resourceDirectory C:\Users\JAYANTA GHOSH\Desktop\FinalBackend\ourHomeLoan\src\test\resources
2020-09-24 19:12:51,869 [Worker-14: Building] INFO  o.e.m.c.i.embedder.EclipseLogger - Using 'UTF-8' encoding to copy filtered resources.
2020-09-24 19:12:51,869 [Worker-14: Building] INFO  o.e.m.c.i.embedder.EclipseLogger - skip non existing resourceDirectory C:\Users\JAYANTA GHOSH\Desktop\FinalBackend\ourHomeLoan\src\main\resources
2020-09-24 19:12:51,871 [Worker-14: Building] INFO  o.e.m.c.i.embedder.EclipseLogger - Using 'UTF-8' encoding to copy filtered resources.
2020-09-24 19:12:51,871 [Worker-14: Building] INFO  o.e.m.c.i.embedder.EclipseLogger - skip non existing resourceDirectory C:\Users\JAYANTA GHOSH\Desktop\FinalBackend\ourHomeLoan\src\test\resources
2020-09-24 19:18:32,302 [Worker-32: Building] INFO  o.e.m.c.i.embedder.EclipseLogger - Using 'UTF-8' encoding to copy filtered resources.
2020-09-24 19:18:32,302 [Worker-32: Building] INFO  o.e.m.c.i.embedder.EclipseLogger - skip non existing resourceDirectory C:\Users\JAYANTA GHOSH\Desktop\FinalBackend\ourHomeLoan\src\main\resources
2020-09-24 19:18:32,306 [Worker-32: Building] INFO  o.e.m.c.i.embedder.EclipseLogger - Using 'UTF-8' encoding to copy filtered resources.
2020-09-24 19:18:32,307 [Worker-32: Building] INFO  o.e.m.c.i.embedder.EclipseLogger - skip non existing resourceDirectory C:\Users\JAYANTA GHOSH\Desktop\FinalBackend\ourHomeLoan\src\test\resources
2020-09-24 19:26:45,574 [Worker-2: Loading available Gradle versions] INFO  o.e.b.c.i.u.g.PublishedGradleVersions - Gradle version information cache is up-to-date. Trying to read.
2020-09-24 21:17:08,366 [Worker-3: Loading available Gradle versions] INFO  o.e.b.c.i.u.g.PublishedGradleVersions - Gradle version information cache is out-of-date. Trying to update.
2020-09-24 21:20:05,201 [Worker-1: Building] INFO  o.e.m.c.i.embedder.EclipseLogger - Using 'UTF-8' encoding to copy filtered resources.
2020-09-24 21:20:05,202 [Worker-1: Building] INFO  o.e.m.c.i.embedder.EclipseLogger - skip non existing resourceDirectory C:\Users\JAYANTA GHOSH\Desktop\FinalBackend\ourHomeLoan\src\main\resources
2020-09-24 21:20:05,206 [Worker-1: Building] INFO  o.e.m.c.i.embedder.EclipseLogger - Using 'UTF-8' encoding to copy filtered resources.
2020-09-24 21:20:05,206 [Worker-1: Building] INFO  o.e.m.c.i.embedder.EclipseLogger - skip non existing resourceDirectory C:\Users\JAYANTA GHOSH\Desktop\FinalBackend\ourHomeLoan\src\test\resources
2020-09-24 21:20:26,165 [Worker-9: Building] INFO  o.e.m.c.i.embedder.EclipseLogger - Using 'UTF-8' encoding to copy filtered resources.
2020-09-24 21:20:26,165 [Worker-9: Building] INFO  o.e.m.c.i.embedder.EclipseLogger - skip non existing resourceDirectory C:\Users\JAYANTA GHOSH\Desktop\FinalBackend\ourHomeLoan\src\main\resources
2020-09-24 21:20:26,168 [Worker-9: Building] INFO  o.e.m.c.i.embedder.EclipseLogger - Using 'UTF-8' encoding to copy filtered resources.
2020-09-24 21:20:26,168 [Worker-9: Building] INFO  o.e.m.c.i.embedder.EclipseLogger - skip non existing resourceDirectory C:\Users\JAYANTA GHOSH\Desktop\FinalBackend\ourHomeLoan\src\test\resources
2020-09-24 21:21:39,779 [Worker-5: Building] INFO  o.e.m.c.i.embedder.EclipseLogger - Using 'UTF-8' encoding to copy filtered resources.
2020-09-24 21:21:39,779 [Worker-5: Building] INFO  o.e.m.c.i.embedder.EclipseLogger - skip non existing resourceDirectory C:\Users\JAYANTA GHOSH\Desktop\FinalBackend\ourHomeLoan\src\main\resources
2020-09-24 21:21:39,781 [Worker-5: Building] INFO  o.e.m.c.i.embedder.EclipseLogger - Using 'UTF-8' encoding to copy filtered resources.
2020-09-24 21:21:39,781 [Worker-5: Building] INFO  o.e.m.c.i.embedder.EclipseLogger - skip non existing resourceDirectory C:\Users\JAYANTA GHOSH\Desktop\FinalBackend\ourHomeLoan\src\test\resources
2020-09-24 21:22:12,750 [Worker-9: Building] INFO  o.e.m.c.i.embedder.EclipseLogger - Using 'UTF-8' encoding to copy filtered resources.
2020-09-24 21:22:12,750 [Worker-9: Building] INFO  o.e.m.c.i.embedder.EclipseLogger - skip non existing resourceDirectory C:\Users\JAYANTA GHOSH\Desktop\FinalBackend\ourHomeLoan\src\main\resources
2020-09-24 21:22:12,751 [Worker-9: Building] INFO  o.e.m.c.i.embedder.EclipseLogger - Using 'UTF-8' encoding to copy filtered resources.
2020-09-24 21:22:12,752 [Worker-9: Building] INFO  o.e.m.c.i.embedder.EclipseLogger - skip non existing resourceDirectory C:\Users\JAYANTA GHOSH\Desktop\FinalBackend\ourHomeLoan\src\test\resources
2020-09-24 21:24:27,904 [Worker-7: Building] INFO  o.e.m.c.i.embedder.EclipseLogger - Using 'UTF-8' encoding to copy filtered resources.
2020-09-24 21:24:27,962 [Worker-7: Building] INFO  o.e.m.c.i.embedder.EclipseLogger - skip non existing resourceDirectory C:\Users\JAYANTA GHOSH\Desktop\FinalBackend\ourHomeLoan\src\main\resources
2020-09-24 21:24:27,997 [Worker-7: Building] INFO  o.e.m.c.i.embedder.EclipseLogger - Using 'UTF-8' encoding to copy filtered resources.
2020-09-24 21:24:27,998 [Worker-7: Building] INFO  o.e.m.c.i.embedder.EclipseLogger - skip non existing resourceDirectory C:\Users\JAYANTA GHOSH\Desktop\FinalBackend\ourHomeLoan\src\test\resources
2020-09-24 21:24:51,627 [Worker-5: Building] INFO  o.e.m.c.i.embedder.EclipseLogger - Using 'UTF-8' encoding to copy filtered resources.
2020-09-24 21:24:51,628 [Worker-5: Building] INFO  o.e.m.c.i.embedder.EclipseLogger - skip non existing resourceDirectory C:\Users\JAYANTA GHOSH\Desktop\FinalBackend\ourHomeLoan\src\main\resources
2020-09-24 21:24:51,631 [Worker-5: Building] INFO  o.e.m.c.i.embedder.EclipseLogger - Using 'UTF-8' encoding to copy filtered resources.
2020-09-24 21:24:51,632 [Worker-5: Building] INFO  o.e.m.c.i.embedder.EclipseLogger - skip non existing resourceDirectory C:\Users\JAYANTA GHOSH\Desktop\FinalBackend\ourHomeLoan\src\test\resources
2020-09-24 21:27:41,634 [Worker-15: Launching ApplicationTest.addApplication] INFO  o.e.m.c.i.embedder.EclipseLogger - Using 'UTF-8' encoding to copy filtered resources.
2020-09-24 21:27:41,634 [Worker-15: Launching ApplicationTest.addApplication] INFO  o.e.m.c.i.embedder.EclipseLogger - skip non existing resourceDirectory C:\Users\JAYANTA GHOSH\Desktop\FinalBackend\ourHomeLoan\src\main\resources
2020-09-24 21:27:41,636 [Worker-15: Launching ApplicationTest.addApplication] INFO  o.e.m.c.i.embedder.EclipseLogger - Using 'UTF-8' encoding to copy filtered resources.
2020-09-24 21:27:41,641 [Worker-15: Launching ApplicationTest.addApplication] INFO  o.e.m.c.i.embedder.EclipseLogger - skip non existing resourceDirectory C:\Users\JAYANTA GHOSH\Desktop\FinalBackend\ourHomeLoan\src\test\resources
2020-09-24 21:34:09,446 [Worker-19: Building] INFO  o.e.m.c.i.embedder.EclipseLogger - Using 'UTF-8' encoding to copy filtered resources.
2020-09-24 21:34:09,447 [Worker-19: Building] INFO  o.e.m.c.i.embedder.EclipseLogger - skip non existing resourceDirectory C:\Users\JAYANTA GHOSH\Desktop\FinalBackend\ourHomeLoan\src\main\resources
2020-09-24 21:34:09,451 [Worker-19: Building] INFO  o.e.m.c.i.embedder.EclipseLogger - Using 'UTF-8' encoding to copy filtered resources.
2020-09-24 21:34:09,451 [Worker-19: Building] INFO  o.e.m.c.i.embedder.EclipseLogger - skip non existing resourceDirectory C:\Users\JAYANTA GHOSH\Desktop\FinalBackend\ourHomeLoan\src\test\resources
2020-09-24 21:34:34,918 [Worker-9: Building] INFO  o.e.m.c.i.embedder.EclipseLogger - Using 'UTF-8' encoding to copy filtered resources.
2020-09-24 21:34:34,919 [Worker-9: Building] INFO  o.e.m.c.i.embedder.EclipseLogger - skip non existing resourceDirectory C:\Users\JAYANTA GHOSH\Desktop\FinalBackend\ourHomeLoan\src\main\resources
2020-09-24 21:34:34,921 [Worker-9: Building] INFO  o.e.m.c.i.embedder.EclipseLogger - Using 'UTF-8' encoding to copy filtered resources.
2020-09-24 21:34:34,922 [Worker-9: Building] INFO  o.e.m.c.i.embedder.EclipseLogger - skip non existing resourceDirectory C:\Users\JAYANTA GHOSH\Desktop\FinalBackend\ourHomeLoan\src\test\resources
2020-09-24 21:36:53,510 [Worker-19: Building] INFO  o.e.m.c.i.embedder.EclipseLogger - Using 'UTF-8' encoding to copy filtered resources.
2020-09-24 21:36:53,511 [Worker-19: Building] INFO  o.e.m.c.i.embedder.EclipseLogger - skip non existing resourceDirectory C:\Users\JAYANTA GHOSH\Desktop\FinalBackend\ourHomeLoan\src\main\resources
2020-09-24 21:36:53,512 [Worker-19: Building] INFO  o.e.m.c.i.embedder.EclipseLogger - Using 'UTF-8' encoding to copy filtered resources.
2020-09-24 21:36:53,513 [Worker-19: Building] INFO  o.e.m.c.i.embedder.EclipseLogger - skip non existing resourceDirectory C:\Users\JAYANTA GHOSH\Desktop\FinalBackend\ourHomeLoan\src\test\resources
2020-09-24 21:38:13,585 [Worker-9: Building] INFO  o.e.m.c.i.embedder.EclipseLogger - Using 'UTF-8' encoding to copy filtered resources.
2020-09-24 21:38:13,585 [Worker-9: Building] INFO  o.e.m.c.i.embedder.EclipseLogger - skip non existing resourceDirectory C:\Users\JAYANTA GHOSH\Desktop\FinalBackend\ourHomeLoan\src\main\resources
2020-09-24 21:38:13,588 [Worker-9: Building] INFO  o.e.m.c.i.embedder.EclipseLogger - Using 'UTF-8' encoding to copy filtered resources.
2020-09-24 21:38:13,588 [Worker-9: Building] INFO  o.e.m.c.i.embedder.EclipseLogger - skip non existing resourceDirectory C:\Users\JAYANTA GHOSH\Desktop\FinalBackend\ourHomeLoan\src\test\resources
2020-09-24 21:38:51,229 [Worker-19: Building] INFO  o.e.m.c.i.embedder.EclipseLogger - Using 'UTF-8' encoding to copy filtered resources.
2020-09-24 21:38:51,230 [Worker-19: Building] INFO  o.e.m.c.i.embedder.EclipseLogger - skip non existing resourceDirectory C:\Users\JAYANTA GHOSH\Desktop\FinalBackend\ourHomeLoan\src\main\resources
2020-09-24 21:38:51,232 [Worker-19: Building] INFO  o.e.m.c.i.embedder.EclipseLogger - Using 'UTF-8' encoding to copy filtered resources.
2020-09-24 21:38:51,232 [Worker-19: Building] INFO  o.e.m.c.i.embedder.EclipseLogger - skip non existing resourceDirectory C:\Users\JAYANTA GHOSH\Desktop\FinalBackend\ourHomeLoan\src\test\resources
2020-09-24 21:39:40,677 [Worker-19: Building] INFO  o.e.m.c.i.embedder.EclipseLogger - Using 'UTF-8' encoding to copy filtered resources.
2020-09-24 21:39:40,677 [Worker-19: Building] INFO  o.e.m.c.i.embedder.EclipseLogger - skip non existing resourceDirectory C:\Users\JAYANTA GHOSH\Desktop\FinalBackend\ourHomeLoan\src\main\resources
2020-09-24 21:39:40,679 [Worker-19: Building] INFO  o.e.m.c.i.embedder.EclipseLogger - Using 'UTF-8' encoding to copy filtered resources.
2020-09-24 21:39:40,679 [Worker-19: Building] INFO  o.e.m.c.i.embedder.EclipseLogger - skip non existing resourceDirectory C:\Users\JAYANTA GHOSH\Desktop\FinalBackend\ourHomeLoan\src\test\resources
2020-09-24 21:40:15,910 [Worker-22: Building] INFO  o.e.m.c.i.embedder.EclipseLogger - Using 'UTF-8' encoding to copy filtered resources.
2020-09-24 21:40:15,911 [Worker-22: Building] INFO  o.e.m.c.i.embedder.EclipseLogger - skip non existing resourceDirectory C:\Users\JAYANTA GHOSH\Desktop\FinalBackend\ourHomeLoan\src\main\resources
2020-09-24 21:40:15,915 [Worker-22: Building] INFO  o.e.m.c.i.embedder.EclipseLogger - Using 'UTF-8' encoding to copy filtered resources.
2020-09-24 21:40:15,916 [Worker-22: Building] INFO  o.e.m.c.i.embedder.EclipseLogger - skip non existing resourceDirectory C:\Users\JAYANTA GHOSH\Desktop\FinalBackend\ourHomeLoan\src\test\resources
2020-09-24 21:43:26,492 [Worker-25: Building] INFO  o.e.m.c.i.embedder.EclipseLogger - Using 'UTF-8' encoding to copy filtered resources.
2020-09-24 21:43:26,492 [Worker-25: Building] INFO  o.e.m.c.i.embedder.EclipseLogger - skip non existing resourceDirectory C:\Users\JAYANTA GHOSH\Desktop\FinalBackend\ourHomeLoan\src\main\resources
2020-09-24 21:43:26,494 [Worker-25: Building] INFO  o.e.m.c.i.embedder.EclipseLogger - Using 'UTF-8' encoding to copy filtered resources.
2020-09-24 21:43:26,494 [Worker-25: Building] INFO  o.e.m.c.i.embedder.EclipseLogger - skip non existing resourceDirectory C:\Users\JAYANTA GHOSH\Desktop\FinalBackend\ourHomeLoan\src\test\resources
2020-09-24 21:48:22,805 [Worker-32: Building] INFO  o.e.m.c.i.embedder.EclipseLogger - Using 'UTF-8' encoding to copy filtered resources.
2020-09-24 21:48:22,806 [Worker-32: Building] INFO  o.e.m.c.i.embedder.EclipseLogger - skip non existing resourceDirectory C:\Users\JAYANTA GHOSH\Desktop\FinalBackend\ourHomeLoan\src\main\resources
2020-09-24 21:48:22,810 [Worker-32: Building] INFO  o.e.m.c.i.embedder.EclipseLogger - Using 'UTF-8' encoding to copy filtered resources.
2020-09-24 21:48:22,811 [Worker-32: Building] INFO  o.e.m.c.i.embedder.EclipseLogger - skip non existing resourceDirectory C:\Users\JAYANTA GHOSH\Desktop\FinalBackend\ourHomeLoan\src\test\resources
